TN:
SF:routes\M3ta.js
FN:5,(anonymous_0)
FNF:1
FNH:0
FNDA:0,(anonymous_0)
DA:1,6
DA:2,6
DA:3,6
DA:5,6
DA:6,0
DA:7,0
DA:10,6
LF:7
LH:5
BRF:0
BRH:0
end_of_record
TN:
SF:routes\ai.js
FN:22,parseDecklist
FN:46,analyzeDeck
FN:70,shuffleArray
FN:79,drawHand
FN:103,validateDecklist
FN:119,validateHand
FN:133,(anonymous_6)
FN:137,(anonymous_7)
FN:157,(anonymous_8)
FN:169,(anonymous_9)
FN:187,(anonymous_10)
FN:208,(anonymous_11)
FN:227,(anonymous_12)
FN:275,(anonymous_13)
FN:295,(anonymous_14)
FNF:15
FNH:0
FNDA:0,parseDecklist
FNDA:0,analyzeDeck
FNDA:0,shuffleArray
FNDA:0,drawHand
FNDA:0,validateDecklist
FNDA:0,validateHand
FNDA:0,(anonymous_6)
FNDA:0,(anonymous_7)
FNDA:0,(anonymous_8)
FNDA:0,(anonymous_9)
FNDA:0,(anonymous_10)
FNDA:0,(anonymous_11)
FNDA:0,(anonymous_12)
FNDA:0,(anonymous_13)
FNDA:0,(anonymous_14)
DA:8,6
DA:9,6
DA:14,6
DA:15,6
DA:17,0
DA:23,0
DA:24,0
DA:26,0
DA:27,0
DA:28,0
DA:31,0
DA:32,0
DA:33,0
DA:34,0
DA:35,0
DA:36,0
DA:41,0
DA:48,0
DA:49,0
DA:50,0
DA:53,0
DA:54,0
DA:58,0
DA:60,0
DA:65,0
DA:71,0
DA:72,0
DA:73,0
DA:74,0
DA:76,0
DA:80,0
DA:81,0
DA:85,0
DA:86,0
DA:87,0
DA:88,0
DA:89,0
DA:93,0
DA:94,0
DA:97,0
DA:98,0
DA:104,0
DA:105,0
DA:106,0
DA:108,0
DA:109,0
DA:110,0
DA:112,0
DA:113,0
DA:114,0
DA:116,0
DA:120,0
DA:121,0
DA:122,0
DA:124,0
DA:125,0
DA:126,0
DA:128,0
DA:133,6
DA:134,0
DA:137,6
DA:138,0
DA:139,0
DA:141,0
DA:143,0
DA:144,0
DA:146,0
DA:149,0
DA:150,0
DA:157,6
DA:158,0
DA:159,0
DA:161,0
DA:162,0
DA:165,0
DA:169,0
DA:182,0
DA:183,0
DA:187,6
DA:188,0
DA:189,0
DA:191,0
DA:192,0
DA:194,0
DA:195,0
DA:198,0
DA:200,0
DA:201,0
DA:202,0
DA:203,0
DA:204,0
DA:208,0
DA:209,0
DA:211,0
DA:212,0
DA:213,0
DA:214,0
DA:215,0
DA:219,0
DA:222,0
DA:223,0
DA:227,6
DA:228,0
DA:229,0
DA:231,0
DA:233,0
DA:236,0
DA:237,0
DA:238,0
DA:239,0
DA:240,0
DA:241,0
DA:242,0
DA:247,0
DA:256,0
DA:270,0
DA:271,0
DA:275,6
DA:276,0
DA:288,6
DA:289,6
DA:290,6
DA:295,6
DA:296,0
DA:297,0
DA:298,0
DA:299,0
DA:302,0
DA:330,0
DA:334,0
DA:336,0
DA:337,0
DA:338,0
DA:339,0
DA:345,0
DA:346,0
DA:347,0
DA:348,0
DA:350,0
DA:354,0
DA:379,6
LF:141
LH:15
BRDA:28,0,0,0
BRDA:28,0,1,0
BRDA:28,1,0,0
BRDA:28,1,1,0
BRDA:28,1,2,0
BRDA:32,2,0,0
BRDA:32,2,1,0
BRDA:35,3,0,0
BRDA:35,3,1,0
BRDA:35,4,0,0
BRDA:35,4,1,0
BRDA:48,5,0,0
BRDA:48,5,1,0
BRDA:48,6,0,0
BRDA:48,6,1,0
BRDA:53,7,0,0
BRDA:53,7,1,0
BRDA:53,8,0,0
BRDA:53,8,1,0
BRDA:53,8,2,0
BRDA:53,8,3,0
BRDA:80,9,0,0
BRDA:80,9,1,0
BRDA:80,10,0,0
BRDA:80,10,1,0
BRDA:80,10,2,0
BRDA:87,11,0,0
BRDA:87,11,1,0
BRDA:93,12,0,0
BRDA:93,12,1,0
BRDA:104,13,0,0
BRDA:104,13,1,0
BRDA:104,14,0,0
BRDA:104,14,1,0
BRDA:108,15,0,0
BRDA:108,15,1,0
BRDA:112,16,0,0
BRDA:112,16,1,0
BRDA:120,17,0,0
BRDA:120,17,1,0
BRDA:124,18,0,0
BRDA:124,18,1,0
BRDA:141,19,0,0
BRDA:141,19,1,0
BRDA:161,20,0,0
BRDA:161,20,1,0
BRDA:162,21,0,0
BRDA:162,21,1,0
BRDA:191,22,0,0
BRDA:191,22,1,0
BRDA:192,23,0,0
BRDA:192,23,1,0
BRDA:194,24,0,0
BRDA:194,24,1,0
BRDA:202,25,0,0
BRDA:202,25,1,0
BRDA:212,26,0,0
BRDA:212,26,1,0
BRDA:214,27,0,0
BRDA:214,27,1,0
BRDA:214,28,0,0
BRDA:214,28,1,0
BRDA:231,29,0,0
BRDA:231,29,1,0
BRDA:237,30,0,0
BRDA:237,30,1,0
BRDA:237,31,0,0
BRDA:237,31,1,0
BRDA:239,32,0,0
BRDA:239,32,1,0
BRDA:239,33,0,0
BRDA:239,33,1,0
BRDA:241,34,0,0
BRDA:241,34,1,0
BRDA:241,35,0,0
BRDA:241,35,1,0
BRDA:296,36,0,0
BRDA:296,36,1,0
BRDA:297,37,0,0
BRDA:297,37,1,0
BRDA:298,38,0,0
BRDA:298,38,1,0
BRDA:330,39,0,0
BRDA:330,39,1,0
BRDA:330,40,0,0
BRDA:330,40,1,0
BRDA:330,40,2,0
BRDA:334,41,0,0
BRDA:334,41,1,0
BRDA:336,42,0,0
BRDA:336,42,1,0
BRDA:336,43,0,0
BRDA:336,43,1,0
BRF:93
BRH:0
end_of_record
TN:
SF:routes\auth.js
FN:34,generateVerificationToken
FN:41,normalizeEmail
FN:45,findUserByEmail
FN:62,findUserByUsername
FN:84,authenticateToken
FN:92,(anonymous_5)
FN:109,(anonymous_6)
FN:296,(anonymous_7)
FN:365,browserWantsRedirect
FN:376,redirectVerify
FN:385,(anonymous_10)
FN:461,(anonymous_11)
FN:548,(anonymous_12)
FN:613,(anonymous_13)
FN:681,(anonymous_14)
FN:708,(anonymous_15)
FNF:16
FNH:8
FNDA:0,generateVerificationToken
FNDA:14,normalizeEmail
FNDA:8,findUserByEmail
FNDA:5,findUserByUsername
FNDA:12,authenticateToken
FNDA:11,(anonymous_5)
FNDA:6,(anonymous_6)
FNDA:4,(anonymous_7)
FNDA:0,browserWantsRedirect
FNDA:0,redirectVerify
FNDA:0,(anonymous_10)
FNDA:0,(anonymous_11)
FNDA:0,(anonymous_12)
FNDA:0,(anonymous_13)
FNDA:1,(anonymous_14)
FNDA:0,(anonymous_15)
DA:6,6
DA:7,6
DA:8,6
DA:9,6
DA:10,6
DA:11,6
DA:12,6
DA:15,6
DA:16,6
DA:19,6
DA:22,6
DA:35,0
DA:42,14
DA:46,8
DA:47,8
DA:53,8
DA:55,0
DA:56,0
DA:59,8
DA:63,5
DA:69,5
DA:70,0
DA:71,0
DA:74,5
DA:85,12
DA:86,12
DA:88,12
DA:89,1
DA:92,11
DA:93,11
DA:94,1
DA:96,10
DA:97,10
DA:109,6
DA:110,6
DA:111,6
DA:112,6
DA:115,6
DA:116,0
DA:119,6
DA:120,1
DA:123,5
DA:124,0
DA:128,5
DA:129,0
DA:131,5
DA:132,0
DA:134,5
DA:135,0
DA:138,5
DA:139,5
DA:140,1
DA:143,4
DA:144,4
DA:145,1
DA:148,3
DA:150,3
DA:151,3
DA:152,3
DA:167,3
DA:168,0
DA:169,0
DA:172,3
DA:180,3
DA:186,3
DA:194,3
DA:200,3
DA:209,0
DA:223,0
DA:224,0
DA:225,0
DA:228,0
DA:229,0
DA:231,0
DA:243,0
DA:244,0
DA:247,0
DA:251,0
DA:252,0
DA:254,0
DA:255,0
DA:263,0
DA:278,0
DA:285,0
DA:287,0
DA:288,0
DA:296,6
DA:297,4
DA:298,4
DA:300,4
DA:301,0
DA:305,4
DA:306,4
DA:307,1
DA:311,3
DA:312,3
DA:313,1
DA:316,2
DA:317,0
DA:324,2
DA:333,2
DA:342,2
DA:355,0
DA:356,0
DA:366,0
DA:367,0
DA:368,0
DA:369,0
DA:370,0
DA:371,0
DA:372,0
DA:373,0
DA:377,0
DA:378,0
DA:379,0
DA:385,6
DA:386,0
DA:387,0
DA:389,0
DA:397,0
DA:398,0
DA:399,0
DA:405,0
DA:408,0
DA:409,0
DA:410,0
DA:416,0
DA:419,0
DA:427,0
DA:428,0
DA:429,0
DA:430,0
DA:432,0
DA:435,0
DA:440,0
DA:441,0
DA:444,0
DA:449,0
DA:450,0
DA:451,0
DA:453,0
DA:461,6
DA:462,0
DA:463,0
DA:465,0
DA:466,0
DA:470,0
DA:471,0
DA:472,0
DA:475,0
DA:476,0
DA:480,0
DA:487,0
DA:488,0
DA:490,0
DA:502,0
DA:506,0
DA:507,0
DA:513,0
DA:514,0
DA:523,0
DA:539,0
DA:540,0
DA:548,6
DA:549,0
DA:550,0
DA:552,0
DA:553,0
DA:557,0
DA:558,0
DA:560,0
DA:567,0
DA:574,0
DA:575,0
DA:577,0
DA:589,0
DA:594,0
DA:595,0
DA:598,0
DA:604,0
DA:605,0
DA:613,6
DA:614,0
DA:615,0
DA:617,0
DA:618,0
DA:622,0
DA:623,0
DA:627,0
DA:635,0
DA:636,0
DA:640,0
DA:641,0
DA:645,0
DA:647,0
DA:655,0
DA:656,0
DA:657,0
DA:661,0
DA:666,0
DA:672,0
DA:673,0
DA:681,6
DA:682,1
DA:683,1
DA:689,1
DA:690,0
DA:693,1
DA:699,0
DA:700,0
DA:708,6
DA:709,0
DA:710,0
DA:712,0
DA:716,0
DA:717,0
DA:719,0
DA:724,0
DA:725,0
DA:726,0
DA:729,0
DA:735,0
DA:736,0
DA:741,6
DA:742,6
LF:225
LH:81
BRDA:15,0,0,6
BRDA:15,0,1,0
BRDA:16,1,0,6
BRDA:16,1,1,0
BRDA:19,2,0,6
BRDA:19,2,1,0
BRDA:42,3,0,14
BRDA:42,3,1,0
BRDA:53,4,0,0
BRDA:53,4,1,8
BRDA:53,5,0,8
BRDA:53,5,1,4
BRDA:69,6,0,0
BRDA:69,6,1,5
BRDA:69,7,0,5
BRDA:69,7,1,0
BRDA:86,8,0,12
BRDA:86,8,1,11
BRDA:88,9,0,1
BRDA:88,9,1,11
BRDA:93,10,0,1
BRDA:93,10,1,10
BRDA:115,11,0,0
BRDA:115,11,1,6
BRDA:115,12,0,6
BRDA:115,12,1,6
BRDA:119,13,0,1
BRDA:119,13,1,5
BRDA:119,14,0,6
BRDA:119,14,1,6
BRDA:123,15,0,0
BRDA:123,15,1,5
BRDA:123,16,0,5
BRDA:123,16,1,5
BRDA:128,17,0,0
BRDA:128,17,1,5
BRDA:131,18,0,0
BRDA:131,18,1,5
BRDA:134,19,0,0
BRDA:134,19,1,5
BRDA:139,20,0,1
BRDA:139,20,1,4
BRDA:144,21,0,1
BRDA:144,21,1,3
BRDA:150,22,0,3
BRDA:150,22,1,0
BRDA:159,23,0,3
BRDA:159,23,1,2
BRDA:167,24,0,0
BRDA:167,24,1,3
BRDA:176,25,0,3
BRDA:176,25,1,3
BRDA:216,26,0,0
BRDA:216,26,1,0
BRDA:223,27,0,0
BRDA:223,27,1,0
BRDA:243,28,0,0
BRDA:243,28,1,0
BRDA:257,29,0,0
BRDA:257,29,1,0
BRDA:266,30,0,0
BRDA:266,30,1,0
BRDA:272,31,0,0
BRDA:272,31,1,0
BRDA:272,31,2,0
BRDA:273,32,0,0
BRDA:273,32,1,0
BRDA:300,33,0,0
BRDA:300,33,1,4
BRDA:300,34,0,4
BRDA:300,34,1,4
BRDA:306,35,0,1
BRDA:306,35,1,3
BRDA:312,36,0,1
BRDA:312,36,1,2
BRDA:316,37,0,0
BRDA:316,37,1,2
BRDA:316,38,0,2
BRDA:316,38,1,0
BRDA:328,39,0,2
BRDA:328,39,1,0
BRDA:366,40,0,0
BRDA:366,40,1,0
BRDA:366,41,0,0
BRDA:366,41,1,0
BRDA:367,42,0,0
BRDA:367,42,1,0
BRDA:368,43,0,0
BRDA:368,43,1,0
BRDA:368,44,0,0
BRDA:368,44,1,0
BRDA:369,45,0,0
BRDA:369,45,1,0
BRDA:370,46,0,0
BRDA:370,46,1,0
BRDA:371,47,0,0
BRDA:371,47,1,0
BRDA:372,48,0,0
BRDA:372,48,1,0
BRDA:377,49,0,0
BRDA:377,49,1,0
BRDA:378,50,0,0
BRDA:378,50,1,0
BRDA:397,51,0,0
BRDA:397,51,1,0
BRDA:397,52,0,0
BRDA:397,52,1,0
BRDA:398,53,0,0
BRDA:398,53,1,0
BRDA:408,54,0,0
BRDA:408,54,1,0
BRDA:409,55,0,0
BRDA:409,55,1,0
BRDA:427,56,0,0
BRDA:427,56,1,0
BRDA:429,57,0,0
BRDA:429,57,1,0
BRDA:440,58,0,0
BRDA:440,58,1,0
BRDA:450,59,0,0
BRDA:450,59,1,0
BRDA:465,60,0,0
BRDA:465,60,1,0
BRDA:471,61,0,0
BRDA:471,61,1,0
BRDA:475,62,0,0
BRDA:475,62,1,0
BRDA:516,63,0,0
BRDA:516,63,1,0
BRDA:518,64,0,0
BRDA:518,64,1,0
BRDA:527,65,0,0
BRDA:527,65,1,0
BRDA:530,66,0,0
BRDA:530,66,1,0
BRDA:530,66,2,0
BRDA:531,67,0,0
BRDA:531,67,1,0
BRDA:531,67,2,0
BRDA:532,68,0,0
BRDA:532,68,1,0
BRDA:532,68,2,0
BRDA:533,69,0,0
BRDA:533,69,1,0
BRDA:552,70,0,0
BRDA:552,70,1,0
BRDA:558,71,0,0
BRDA:558,71,1,0
BRDA:594,72,0,0
BRDA:594,72,1,0
BRDA:617,73,0,0
BRDA:617,73,1,0
BRDA:617,74,0,0
BRDA:617,74,1,0
BRDA:622,75,0,0
BRDA:622,75,1,0
BRDA:635,76,0,0
BRDA:635,76,1,0
BRDA:635,77,0,0
BRDA:635,77,1,0
BRDA:640,78,0,0
BRDA:640,78,1,0
BRDA:655,79,0,0
BRDA:655,79,1,0
BRDA:689,80,0,0
BRDA:689,80,1,1
BRDA:689,81,0,1
BRDA:689,81,1,1
BRDA:716,82,0,0
BRDA:716,82,1,0
BRDA:717,83,0,0
BRDA:717,83,1,0
BRDA:724,84,0,0
BRDA:724,84,1,0
BRF:174
BRH:51
end_of_record
TN:
SF:routes\cards.js
FN:8,cardToSearchRow
FN:29,(anonymous_1)
FNF:2
FNH:2
FNDA:8,cardToSearchRow
FNDA:3,(anonymous_1)
DA:3,6
DA:4,6
DA:6,6
DA:9,8
DA:10,8
DA:29,6
DA:30,3
DA:31,3
DA:32,3
DA:34,3
DA:35,1
DA:38,2
DA:39,2
DA:40,2
DA:41,119
DA:42,119
DA:43,119
DA:44,119
DA:45,8
DA:46,8
DA:49,2
DA:51,0
DA:52,0
DA:56,6
LF:24
LH:22
BRDA:9,0,0,8
BRDA:9,0,1,0
BRDA:9,0,2,0
BRDA:14,1,0,8
BRDA:14,1,1,8
BRDA:14,1,2,8
BRDA:14,1,3,8
BRDA:14,1,4,0
BRDA:14,1,5,0
BRDA:14,1,6,8
BRDA:20,2,0,8
BRDA:20,2,1,0
BRDA:23,3,0,8
BRDA:23,3,1,0
BRDA:24,4,0,8
BRDA:24,4,1,0
BRDA:31,5,0,3
BRDA:31,5,1,0
BRDA:32,6,0,3
BRDA:32,6,1,0
BRDA:34,7,0,1
BRDA:34,7,1,2
BRDA:41,8,0,0
BRDA:41,8,1,119
BRDA:41,9,0,119
BRDA:41,9,1,119
BRDA:43,10,0,119
BRDA:43,10,1,119
BRDA:43,10,2,119
BRDA:44,11,0,111
BRDA:44,11,1,8
BRDA:44,12,0,119
BRDA:44,12,1,111
BRDA:46,13,0,2
BRDA:46,13,1,6
BRDA:52,14,0,0
BRDA:52,14,1,0
BRF:37
BRH:25
end_of_record
TN:
SF:routes\collection.js
FN:13,readStore
FN:23,writeStore
FN:28,userKey
FN:32,normalizeEntry
FN:53,(anonymous_4)
FN:69,(anonymous_5)
FN:88,(anonymous_6)
FN:89,(anonymous_7)
FN:107,(anonymous_8)
FN:131,(anonymous_9)
FN:142,(anonymous_10)
FN:144,(anonymous_11)
FN:163,(anonymous_12)
FNF:13
FNH:0
FNDA:0,readStore
FNDA:0,writeStore
FNDA:0,userKey
FNDA:0,normalizeEntry
FNDA:0,(anonymous_4)
FNDA:0,(anonymous_5)
FNDA:0,(anonymous_6)
FNDA:0,(anonymous_7)
FNDA:0,(anonymous_8)
FNDA:0,(anonymous_9)
FNDA:0,(anonymous_10)
FNDA:0,(anonymous_11)
FNDA:0,(anonymous_12)
DA:3,6
DA:4,6
DA:5,6
DA:6,6
DA:8,6
DA:10,6
DA:11,6
DA:14,0
DA:15,0
DA:16,0
DA:17,0
DA:19,0
DA:24,0
DA:25,0
DA:29,0
DA:33,0
DA:34,0
DA:41,0
DA:42,0
DA:53,6
DA:54,0
DA:55,0
DA:56,0
DA:57,0
DA:58,0
DA:63,0
DA:64,0
DA:69,6
DA:70,0
DA:71,0
DA:72,0
DA:73,0
DA:74,0
DA:76,0
DA:77,0
DA:78,0
DA:79,0
DA:80,0
DA:81,0
DA:85,0
DA:86,0
DA:87,0
DA:88,0
DA:89,0
DA:97,0
DA:98,0
DA:99,0
DA:101,0
DA:102,0
DA:107,6
DA:108,0
DA:109,0
DA:110,0
DA:112,0
DA:113,0
DA:114,0
DA:115,0
DA:116,0
DA:118,0
DA:119,0
DA:121,0
DA:122,0
DA:123,0
DA:125,0
DA:126,0
DA:131,6
DA:132,0
DA:133,0
DA:134,0
DA:136,0
DA:137,0
DA:138,0
DA:139,0
DA:141,0
DA:142,0
DA:144,0
DA:145,0
DA:153,0
DA:154,0
DA:155,0
DA:157,0
DA:158,0
DA:163,6
DA:164,0
DA:167,6
LF:85
LH:13
BRDA:17,0,0,0
BRDA:17,0,1,0
BRDA:17,1,0,0
BRDA:17,1,1,0
BRDA:24,2,0,0
BRDA:24,2,1,0
BRDA:29,3,0,0
BRDA:29,3,1,0
BRDA:29,3,2,0
BRDA:33,4,0,0
BRDA:33,4,1,0
BRDA:33,5,0,0
BRDA:33,5,1,0
BRDA:41,6,0,0
BRDA:41,6,1,0
BRDA:46,7,0,0
BRDA:46,7,1,0
BRDA:57,8,0,0
BRDA:57,8,1,0
BRDA:59,9,0,0
BRDA:59,9,1,0
BRDA:60,10,0,0
BRDA:60,10,1,0
BRDA:64,11,0,0
BRDA:64,11,1,0
BRDA:73,12,0,0
BRDA:73,12,1,0
BRDA:74,13,0,0
BRDA:74,13,1,0
BRDA:76,14,0,0
BRDA:76,14,1,0
BRDA:77,15,0,0
BRDA:77,15,1,0
BRDA:77,16,0,0
BRDA:77,16,1,0
BRDA:81,17,0,0
BRDA:81,17,1,0
BRDA:85,18,0,0
BRDA:85,18,1,0
BRDA:86,19,0,0
BRDA:86,19,1,0
BRDA:88,20,0,0
BRDA:88,20,1,0
BRDA:91,21,0,0
BRDA:91,21,1,0
BRDA:102,22,0,0
BRDA:102,22,1,0
BRDA:109,23,0,0
BRDA:109,23,1,0
BRDA:110,24,0,0
BRDA:110,24,1,0
BRDA:114,25,0,0
BRDA:114,25,1,0
BRDA:115,26,0,0
BRDA:115,26,1,0
BRDA:118,27,0,0
BRDA:118,27,1,0
BRDA:126,28,0,0
BRDA:126,28,1,0
BRDA:133,29,0,0
BRDA:133,30,0,0
BRDA:133,31,0,0
BRDA:133,31,1,0
BRDA:134,32,0,0
BRDA:134,32,1,0
BRDA:138,33,0,0
BRDA:138,33,1,0
BRDA:139,34,0,0
BRDA:139,34,1,0
BRDA:141,35,0,0
BRDA:141,35,1,0
BRDA:147,36,0,0
BRDA:147,36,1,0
BRDA:158,37,0,0
BRDA:158,37,1,0
BRF:75
BRH:0
end_of_record
TN:
SF:routes\deck.js
FN:21,getMLIdentifier
FN:31,(anonymous_1)
FN:40,(anonymous_2)
FN:49,parseDeckText
FN:51,(anonymous_4)
FN:89,enrichDeck
FN:97,(anonymous_6)
FN:134,(anonymous_7)
FN:183,checkRateLimit
FN:215,(anonymous_9)
FN:250,(anonymous_10)
FN:251,(anonymous_11)
FN:303,extractCostFromCard
FN:314,(anonymous_13)
FN:325,(anonymous_14)
FN:373,(anonymous_15)
FN:374,(anonymous_16)
FN:405,(anonymous_17)
FN:435,(anonymous_18)
FN:487,(anonymous_19)
FN:488,(anonymous_20)
FN:503,(anonymous_21)
FN:506,(anonymous_22)
FN:508,(anonymous_23)
FN:534,(anonymous_24)
FN:535,(anonymous_25)
FN:536,(anonymous_26)
FN:553,(anonymous_27)
FN:622,analyzeMulliganHand
FN:631,(anonymous_29)
FN:632,(anonymous_30)
FN:641,(anonymous_31)
FN:653,(anonymous_32)
FN:656,(anonymous_33)
FN:683,analyzeGenericMulligan
FN:713,(anonymous_35)
FN:742,(anonymous_36)
FN:754,(anonymous_37)
FN:767,(anonymous_38)
FNF:39
FNH:13
FNDA:1,getMLIdentifier
FNDA:0,(anonymous_1)
FNDA:0,(anonymous_2)
FNDA:1,parseDeckText
FNDA:15,(anonymous_4)
FNDA:1,enrichDeck
FNDA:15,(anonymous_6)
FNDA:15,(anonymous_7)
FNDA:1,checkRateLimit
FNDA:2,(anonymous_9)
FNDA:1,(anonymous_10)
FNDA:0,(anonymous_11)
FNDA:0,extractCostFromCard
FNDA:2,(anonymous_13)
FNDA:0,(anonymous_14)
FNDA:15,(anonymous_15)
FNDA:12,(anonymous_16)
FNDA:15,(anonymous_17)
FNDA:0,(anonymous_18)
FNDA:0,(anonymous_19)
FNDA:0,(anonymous_20)
FNDA:0,(anonymous_21)
FNDA:0,(anonymous_22)
FNDA:0,(anonymous_23)
FNDA:0,(anonymous_24)
FNDA:0,(anonymous_25)
FNDA:0,(anonymous_26)
FNDA:0,(anonymous_27)
FNDA:0,analyzeMulliganHand
FNDA:0,(anonymous_29)
FNDA:0,(anonymous_30)
FNDA:0,(anonymous_31)
FNDA:0,(anonymous_32)
FNDA:0,(anonymous_33)
FNDA:0,analyzeGenericMulligan
FNDA:0,(anonymous_35)
FNDA:0,(anonymous_36)
FNDA:0,(anonymous_37)
FNDA:0,(anonymous_38)
DA:6,6
DA:7,6
DA:8,6
DA:9,6
DA:10,6
DA:19,6
DA:22,1
DA:23,1
DA:24,1
DA:25,1
DA:26,1
DA:27,1
DA:29,0
DA:31,0
DA:32,0
DA:35,1
DA:39,6
DA:40,0
DA:41,0
DA:50,1
DA:51,15
DA:54,1
DA:56,1
DA:58,15
DA:60,15
DA:61,0
DA:62,0
DA:63,0
DA:64,0
DA:65,0
DA:66,0
DA:68,0
DA:72,15
DA:73,15
DA:74,15
DA:76,15
DA:77,15
DA:82,1
DA:91,1
DA:93,1
DA:94,0
DA:97,15
DA:99,1
DA:100,0
DA:104,1
DA:105,1
DA:106,1
DA:108,1
DA:109,3
DA:110,3
DA:112,3
DA:117,3
DA:118,3
DA:120,3
DA:122,3
DA:123,2
DA:127,1
DA:128,1
DA:129,2638
DA:130,2638
DA:134,1
DA:135,15
DA:136,15
DA:138,15
DA:152,1
DA:153,1
DA:154,15
DA:155,15
DA:159,1
DA:161,1
DA:174,6
DA:176,6
DA:177,6
DA:180,6
DA:181,6
DA:184,1
DA:185,1
DA:187,1
DA:188,1
DA:189,1
DA:192,0
DA:195,0
DA:196,0
DA:197,0
DA:201,0
DA:204,0
DA:205,0
DA:208,0
DA:215,6
DA:216,2
DA:217,2
DA:219,2
DA:220,1
DA:224,1
DA:225,1
DA:226,0
DA:227,0
DA:234,1
DA:235,1
DA:237,1
DA:238,0
DA:239,0
DA:247,1
DA:250,1
DA:251,1
DA:254,1
DA:256,1
DA:258,1
DA:261,1
DA:267,1
DA:268,0
DA:269,0
DA:272,1
DA:280,0
DA:283,0
DA:284,0
DA:289,0
DA:304,0
DA:305,0
DA:307,0
DA:314,6
DA:315,2
DA:316,2
DA:318,2
DA:323,2
DA:324,0
DA:325,0
DA:329,2
DA:330,1
DA:337,1
DA:338,1
DA:341,1
DA:342,1
DA:343,1
DA:345,1
DA:346,15
DA:347,15
DA:350,15
DA:351,15
DA:352,15
DA:355,15
DA:356,15
DA:361,1
DA:362,1
DA:363,1
DA:364,15
DA:365,15
DA:366,15
DA:369,1
DA:372,1
DA:373,15
DA:374,12
DA:376,1
DA:381,1
DA:382,1
DA:383,1
DA:385,1
DA:388,1
DA:405,15
DA:423,0
DA:424,0
DA:435,6
DA:436,0
DA:437,0
DA:439,0
DA:440,0
DA:447,0
DA:448,0
DA:451,0
DA:452,0
DA:454,0
DA:457,0
DA:464,0
DA:465,0
DA:480,0
DA:487,0
DA:488,0
DA:489,0
DA:492,0
DA:503,0
DA:506,0
DA:507,0
DA:509,0
DA:514,0
DA:515,0
DA:516,0
DA:517,0
DA:518,0
DA:519,0
DA:521,0
DA:534,0
DA:535,0
DA:536,0
DA:541,0
DA:542,0
DA:553,6
DA:554,0
DA:555,0
DA:557,0
DA:558,0
DA:564,0
DA:565,0
DA:572,0
DA:573,0
DA:576,0
DA:577,0
DA:579,0
DA:582,0
DA:590,0
DA:591,0
DA:598,0
DA:602,0
DA:604,0
DA:613,0
DA:614,0
DA:623,0
DA:624,0
DA:627,0
DA:628,0
DA:631,0
DA:632,0
DA:635,0
DA:638,0
DA:639,0
DA:641,0
DA:642,0
DA:645,0
DA:646,0
DA:647,0
DA:652,0
DA:653,0
DA:654,0
DA:656,0
DA:657,0
DA:661,0
DA:662,0
DA:663,0
DA:665,0
DA:666,0
DA:667,0
DA:668,0
DA:669,0
DA:670,0
DA:671,0
DA:672,0
DA:675,0
DA:684,0
DA:687,0
DA:688,0
DA:691,0
DA:692,0
DA:696,0
DA:697,0
DA:701,0
DA:713,6
DA:714,0
DA:715,0
DA:717,0
DA:718,0
DA:724,0
DA:725,0
DA:732,0
DA:733,0
DA:735,0
DA:736,0
DA:737,0
DA:742,0
DA:745,0
DA:746,0
DA:747,0
DA:751,0
DA:754,0
DA:755,0
DA:759,0
DA:760,0
DA:763,0
DA:767,0
DA:771,0
DA:772,0
DA:780,6
LF:280
LH:126
BRDA:22,0,0,1
BRDA:22,0,1,0
BRDA:39,1,0,0
BRDA:39,1,1,6
BRDA:60,2,0,0
BRDA:60,2,1,15
BRDA:62,3,0,0
BRDA:62,3,1,0
BRDA:65,4,0,0
BRDA:65,4,1,0
BRDA:65,5,0,0
BRDA:65,5,1,0
BRDA:72,6,0,15
BRDA:72,6,1,0
BRDA:76,7,0,15
BRDA:76,7,1,0
BRDA:76,8,0,15
BRDA:76,8,1,15
BRDA:93,9,0,0
BRDA:93,9,1,1
BRDA:99,10,0,0
BRDA:99,10,1,1
BRDA:117,11,0,0
BRDA:117,11,1,3
BRDA:118,12,0,0
BRDA:118,12,1,3
BRDA:118,13,0,3
BRDA:118,13,1,3
BRDA:122,14,0,1
BRDA:122,14,1,2
BRDA:141,15,0,15
BRDA:141,15,1,0
BRDA:142,16,0,15
BRDA:142,16,1,0
BRDA:143,17,0,15
BRDA:143,17,1,0
BRDA:144,18,0,15
BRDA:144,18,1,0
BRDA:145,19,0,15
BRDA:145,19,1,0
BRDA:146,20,0,15
BRDA:146,20,1,3
BRDA:154,21,0,15
BRDA:154,21,1,0
BRDA:155,22,0,15
BRDA:155,22,1,5
BRDA:187,23,0,1
BRDA:187,23,1,0
BRDA:195,24,0,0
BRDA:195,24,1,0
BRDA:204,25,0,0
BRDA:204,25,1,0
BRDA:219,26,0,1
BRDA:219,26,1,1
BRDA:224,27,0,1
BRDA:224,27,1,0
BRDA:224,27,2,0
BRDA:225,28,0,0
BRDA:225,28,1,1
BRDA:237,29,0,0
BRDA:237,29,1,1
BRDA:237,30,0,1
BRDA:237,30,1,0
BRDA:267,31,0,0
BRDA:267,31,1,1
BRDA:283,32,0,0
BRDA:283,32,1,0
BRDA:307,33,0,0
BRDA:307,33,1,0
BRDA:318,34,0,2
BRDA:318,34,1,1
BRDA:318,34,2,1
BRDA:318,34,3,1
BRDA:323,35,0,0
BRDA:323,35,1,2
BRDA:323,36,0,2
BRDA:323,36,1,1
BRDA:323,36,2,0
BRDA:325,37,0,0
BRDA:325,37,1,0
BRDA:325,38,0,0
BRDA:325,38,1,0
BRDA:329,39,0,1
BRDA:329,39,1,1
BRDA:346,40,0,15
BRDA:346,40,1,0
BRDA:347,41,0,15
BRDA:347,41,1,2
BRDA:350,42,0,15
BRDA:350,42,1,0
BRDA:351,43,0,0
BRDA:351,43,1,15
BRDA:352,44,0,15
BRDA:352,44,1,7
BRDA:355,45,0,15
BRDA:355,45,1,0
BRDA:356,46,0,15
BRDA:356,46,1,8
BRDA:364,47,0,15
BRDA:364,47,1,0
BRDA:369,48,0,1
BRDA:369,48,1,0
BRDA:376,49,0,1
BRDA:376,49,1,0
BRDA:437,50,0,0
BRDA:437,50,1,0
BRDA:439,51,0,0
BRDA:439,51,1,0
BRDA:464,52,0,0
BRDA:464,52,1,0
BRDA:464,53,0,0
BRDA:464,53,1,0
BRDA:464,53,2,0
BRDA:495,54,0,0
BRDA:495,54,1,0
BRDA:496,55,0,0
BRDA:496,55,1,0
BRDA:498,56,0,0
BRDA:498,56,1,0
BRDA:499,57,0,0
BRDA:499,57,1,0
BRDA:507,58,0,0
BRDA:507,58,1,0
BRDA:515,59,0,0
BRDA:515,59,1,0
BRDA:516,60,0,0
BRDA:516,60,1,0
BRDA:517,61,0,0
BRDA:517,61,1,0
BRDA:518,62,0,0
BRDA:518,62,1,0
BRDA:528,63,0,0
BRDA:528,63,1,0
BRDA:532,64,0,0
BRDA:532,64,1,0
BRDA:535,65,0,0
BRDA:535,65,1,0
BRDA:557,66,0,0
BRDA:557,66,1,0
BRDA:557,67,0,0
BRDA:557,67,1,0
BRDA:564,68,0,0
BRDA:564,68,1,0
BRDA:579,69,0,0
BRDA:579,69,1,0
BRDA:590,70,0,0
BRDA:590,70,1,0
BRDA:607,71,0,0
BRDA:607,71,1,0
BRDA:623,72,0,0
BRDA:623,72,1,0
BRDA:635,73,0,0
BRDA:635,73,1,0
BRDA:645,74,0,0
BRDA:645,74,1,0
BRDA:652,75,0,0
BRDA:652,75,1,0
BRDA:652,76,0,0
BRDA:652,76,1,0
BRDA:657,77,0,0
BRDA:657,77,1,0
BRDA:662,78,0,0
BRDA:662,78,1,0
BRDA:665,79,0,0
BRDA:665,79,1,0
BRDA:667,80,0,0
BRDA:667,80,1,0
BRDA:669,81,0,0
BRDA:669,81,1,0
BRDA:669,82,0,0
BRDA:669,82,1,0
BRDA:691,83,0,0
BRDA:691,83,1,0
BRDA:691,84,0,0
BRDA:691,84,1,0
BRDA:696,85,0,0
BRDA:696,85,1,0
BRDA:697,86,0,0
BRDA:697,86,1,0
BRDA:717,87,0,0
BRDA:717,87,1,0
BRDA:717,88,0,0
BRDA:717,88,1,0
BRDA:724,89,0,0
BRDA:724,89,1,0
BRDA:724,90,0,0
BRDA:724,90,1,0
BRDA:759,91,0,0
BRDA:759,91,1,0
BRF:189
BRH:55
end_of_record
TN:
SF:routes\deckComparison.js
FN:19,loadDecks
FN:50,(anonymous_1)
FN:52,(anonymous_2)
FN:67,calculateFingerprint
FN:71,(anonymous_4)
FN:75,(anonymous_5)
FN:76,(anonymous_6)
FN:78,(anonymous_7)
FN:89,calculateSimilarity
FN:120,filterByInks
FN:123,(anonymous_10)
FN:132,(anonymous_11)
FN:139,calculateScore
FN:149,(anonymous_13)
FN:156,(anonymous_14)
FN:162,(anonymous_15)
FN:163,(anonymous_16)
FN:190,(anonymous_17)
FN:202,(anonymous_18)
FN:214,(anonymous_19)
FN:222,(anonymous_20)
FN:262,(anonymous_21)
FN:287,(anonymous_22)
FN:288,(anonymous_23)
FN:311,(anonymous_24)
FN:323,(anonymous_25)
FN:334,(anonymous_26)
FN:336,(anonymous_27)
FNF:28
FNH:0
FNDA:0,loadDecks
FNDA:0,(anonymous_1)
FNDA:0,(anonymous_2)
FNDA:0,calculateFingerprint
FNDA:0,(anonymous_4)
FNDA:0,(anonymous_5)
FNDA:0,(anonymous_6)
FNDA:0,(anonymous_7)
FNDA:0,calculateSimilarity
FNDA:0,filterByInks
FNDA:0,(anonymous_10)
FNDA:0,(anonymous_11)
FNDA:0,calculateScore
FNDA:0,(anonymous_13)
FNDA:0,(anonymous_14)
FNDA:0,(anonymous_15)
FNDA:0,(anonymous_16)
FNDA:0,(anonymous_17)
FNDA:0,(anonymous_18)
FNDA:0,(anonymous_19)
FNDA:0,(anonymous_20)
FNDA:0,(anonymous_21)
FNDA:0,(anonymous_22)
FNDA:0,(anonymous_23)
FNDA:0,(anonymous_24)
FNDA:0,(anonymous_25)
FNDA:0,(anonymous_26)
FNDA:0,(anonymous_27)
DA:6,6
DA:7,6
DA:8,6
DA:11,6
DA:20,0
DA:22,0
DA:28,0
DA:29,0
DA:35,0
DA:37,0
DA:38,0
DA:42,0
DA:44,0
DA:45,0
DA:46,0
DA:50,0
DA:51,0
DA:52,0
DA:53,0
DA:56,0
DA:59,0
DA:60,0
DA:68,0
DA:70,0
DA:71,0
DA:75,0
DA:76,0
DA:78,0
DA:80,0
DA:90,0
DA:91,0
DA:93,0
DA:94,0
DA:95,0
DA:98,0
DA:99,0
DA:100,0
DA:103,0
DA:104,0
DA:105,0
DA:107,0
DA:108,0
DA:109,0
DA:110,0
DA:111,0
DA:114,0
DA:121,0
DA:123,0
DA:124,0
DA:127,0
DA:129,0
DA:130,0
DA:132,0
DA:140,0
DA:141,0
DA:149,0
DA:156,0
DA:159,0
DA:162,0
DA:163,0
DA:166,0
DA:169,0
DA:170,0
DA:171,0
DA:174,0
DA:175,0
DA:178,0
DA:181,0
DA:182,0
DA:183,0
DA:185,0
DA:190,0
DA:202,6
DA:203,0
DA:204,0
DA:207,0
DA:208,0
DA:214,0
DA:215,0
DA:216,0
DA:222,0
DA:225,0
DA:226,0
DA:229,0
DA:232,0
DA:234,0
DA:250,0
DA:251,0
DA:262,6
DA:263,0
DA:265,0
DA:270,0
DA:271,0
DA:275,0
DA:276,0
DA:279,0
DA:280,0
DA:281,0
DA:282,0
DA:286,0
DA:287,0
DA:288,0
DA:291,0
DA:299,0
DA:300,0
DA:311,6
DA:312,0
DA:313,0
DA:315,0
DA:322,0
DA:323,0
DA:324,0
DA:327,0
DA:329,0
DA:330,0
DA:334,0
DA:335,0
DA:336,0
DA:337,0
DA:340,0
DA:347,0
DA:348,0
DA:355,6
LF:123
LH:8
BRDA:19,0,0,0
BRDA:28,1,0,0
BRDA:28,1,1,0
BRDA:28,2,0,0
BRDA:28,2,1,0
BRDA:37,3,0,0
BRDA:37,3,1,0
BRDA:44,4,0,0
BRDA:44,4,1,0
BRDA:50,5,0,0
BRDA:50,5,1,0
BRDA:51,6,0,0
BRDA:51,6,1,0
BRDA:51,7,0,0
BRDA:51,7,1,0
BRDA:52,8,0,0
BRDA:52,8,1,0
BRDA:72,9,0,0
BRDA:72,9,1,0
BRDA:73,10,0,0
BRDA:73,10,1,0
BRDA:75,11,0,0
BRDA:75,11,1,0
BRDA:94,12,0,0
BRDA:94,12,1,0
BRDA:95,13,0,0
BRDA:95,13,1,0
BRDA:99,14,0,0
BRDA:99,14,1,0
BRDA:100,15,0,0
BRDA:100,15,1,0
BRDA:108,16,0,0
BRDA:108,16,1,0
BRDA:109,17,0,0
BRDA:109,17,1,0
BRDA:114,18,0,0
BRDA:114,18,1,0
BRDA:121,19,0,0
BRDA:121,19,1,0
BRDA:121,20,0,0
BRDA:121,20,1,0
BRDA:124,21,0,0
BRDA:124,21,1,0
BRDA:127,22,0,0
BRDA:127,22,1,0
BRDA:140,23,0,0
BRDA:140,23,1,0
BRDA:152,24,0,0
BRDA:152,24,1,0
BRDA:169,25,0,0
BRDA:169,25,1,0
BRDA:170,26,0,0
BRDA:170,26,1,0
BRDA:171,27,0,0
BRDA:171,27,1,0
BRDA:174,28,0,0
BRDA:174,28,1,0
BRDA:175,29,0,0
BRDA:175,29,1,0
BRDA:182,30,0,0
BRDA:182,30,1,0
BRDA:183,31,0,0
BRDA:183,31,1,0
BRDA:204,32,0,0
BRDA:207,33,0,0
BRDA:207,33,1,0
BRDA:207,34,0,0
BRDA:207,34,1,0
BRDA:207,34,2,0
BRDA:214,35,0,0
BRDA:214,35,1,0
BRDA:215,36,0,0
BRDA:215,36,1,0
BRDA:226,37,0,0
BRDA:226,37,1,0
BRDA:253,38,0,0
BRDA:253,38,1,0
BRDA:270,39,0,0
BRDA:270,39,1,0
BRDA:276,40,0,0
BRDA:276,40,1,0
BRDA:281,41,0,0
BRDA:281,41,1,0
BRDA:282,42,0,0
BRDA:282,42,1,0
BRDA:293,43,0,0
BRDA:293,43,1,0
BRDA:302,44,0,0
BRDA:302,44,1,0
BRDA:313,45,0,0
BRDA:322,46,0,0
BRDA:322,46,1,0
BRDA:329,47,0,0
BRDA:329,47,1,0
BRDA:334,48,0,0
BRDA:334,48,1,0
BRDA:335,49,0,0
BRDA:335,49,1,0
BRDA:335,50,0,0
BRDA:335,50,1,0
BRDA:336,51,0,0
BRDA:336,51,1,0
BRDA:350,52,0,0
BRDA:350,52,1,0
BRF:104
BRH:0
end_of_record
TN:
SF:routes\inkdecks.js
FN:9,(anonymous_0)
FN:27,(anonymous_1)
FN:55,(anonymous_2)
FNF:3
FNH:0
FNDA:0,(anonymous_0)
FNDA:0,(anonymous_1)
FNDA:0,(anonymous_2)
DA:2,0
DA:3,0
DA:5,0
DA:6,0
DA:7,0
DA:9,0
DA:10,0
DA:11,0
DA:13,0
DA:14,0
DA:15,0
DA:16,0
DA:18,0
DA:27,0
DA:28,0
DA:29,0
DA:31,0
DA:33,0
DA:34,0
DA:35,0
DA:37,0
DA:38,0
DA:40,0
DA:47,0
DA:55,0
DA:56,0
DA:57,0
DA:64,0
LF:28
LH:0
BRDA:11,0,0,0
BRDA:11,0,1,0
BRDA:18,1,0,0
BRDA:18,1,1,0
BRDA:29,2,0,0
BRDA:29,2,1,0
BRDA:31,3,0,0
BRDA:31,3,1,0
BRDA:44,4,0,0
BRDA:44,4,1,0
BRDA:47,5,0,0
BRDA:47,5,1,0
BRDA:60,6,0,0
BRDA:60,6,1,0
BRF:14
BRH:0
end_of_record
TN:
SF:routes\meta-analysis.js
FN:13,requireMetaScrapeAccess
FN:16,(anonymous_1)
FN:25,(anonymous_2)
FN:34,(anonymous_3)
FN:59,(anonymous_4)
FN:61,(anonymous_5)
FN:64,(anonymous_6)
FN:112,(anonymous_7)
FN:169,(anonymous_8)
FN:183,(anonymous_9)
FN:206,(anonymous_10)
FN:228,(anonymous_11)
FN:256,(anonymous_12)
FN:276,(anonymous_13)
FN:297,(anonymous_14)
FN:298,(anonymous_15)
FN:312,(anonymous_16)
FN:318,(anonymous_17)
FN:319,(anonymous_18)
FN:333,(anonymous_19)
FN:337,(anonymous_20)
FN:348,(anonymous_21)
FN:349,(anonymous_22)
FN:350,(anonymous_23)
FN:351,(anonymous_24)
FN:352,(anonymous_25)
FN:381,(anonymous_26)
FN:427,(anonymous_27)
FN:430,(anonymous_28)
FN:454,(anonymous_29)
FN:513,(anonymous_30)
FN:577,(anonymous_31)
FN:599,(anonymous_32)
FN:633,(anonymous_33)
FN:682,(anonymous_34)
FN:690,(anonymous_35)
FN:703,(anonymous_36)
FN:780,(anonymous_37)
FN:814,(anonymous_38)
FNF:39
FNH:1
FNDA:0,requireMetaScrapeAccess
FNDA:0,(anonymous_1)
FNDA:2,(anonymous_2)
FNDA:0,(anonymous_3)
FNDA:0,(anonymous_4)
FNDA:0,(anonymous_5)
FNDA:0,(anonymous_6)
FNDA:0,(anonymous_7)
FNDA:0,(anonymous_8)
FNDA:0,(anonymous_9)
FNDA:0,(anonymous_10)
FNDA:0,(anonymous_11)
FNDA:0,(anonymous_12)
FNDA:0,(anonymous_13)
FNDA:0,(anonymous_14)
FNDA:0,(anonymous_15)
FNDA:0,(anonymous_16)
FNDA:0,(anonymous_17)
FNDA:0,(anonymous_18)
FNDA:0,(anonymous_19)
FNDA:0,(anonymous_20)
FNDA:0,(anonymous_21)
FNDA:0,(anonymous_22)
FNDA:0,(anonymous_23)
FNDA:0,(anonymous_24)
FNDA:0,(anonymous_25)
FNDA:0,(anonymous_26)
FNDA:0,(anonymous_27)
FNDA:0,(anonymous_28)
FNDA:0,(anonymous_29)
FNDA:0,(anonymous_30)
FNDA:0,(anonymous_31)
FNDA:0,(anonymous_32)
FNDA:0,(anonymous_33)
FNDA:0,(anonymous_34)
FNDA:0,(anonymous_35)
FNDA:0,(anonymous_36)
FNDA:0,(anonymous_37)
FNDA:0,(anonymous_38)
DA:1,6
DA:2,6
DA:3,6
DA:4,6
DA:5,6
DA:7,6
DA:14,0
DA:15,0
DA:16,0
DA:17,0
DA:18,0
DA:19,0
DA:21,0
DA:25,6
DA:26,2
DA:34,6
DA:35,0
DA:36,0
DA:38,0
DA:40,0
DA:41,0
DA:43,0
DA:49,0
DA:50,0
DA:51,0
DA:57,0
DA:59,0
DA:60,0
DA:61,0
DA:64,0
DA:72,0
DA:74,0
DA:75,0
DA:76,0
DA:78,0
DA:79,0
DA:80,0
DA:81,0
DA:82,0
DA:83,0
DA:85,0
DA:88,0
DA:103,0
DA:104,0
DA:112,6
DA:113,0
DA:114,0
DA:116,0
DA:121,0
DA:122,0
DA:128,0
DA:130,0
DA:131,0
DA:132,0
DA:134,0
DA:135,0
DA:136,0
DA:137,0
DA:138,0
DA:139,0
DA:141,0
DA:150,0
DA:157,0
DA:158,0
DA:169,6
DA:170,0
DA:171,0
DA:173,0
DA:178,0
DA:180,0
DA:181,0
DA:183,0
DA:184,0
DA:185,0
DA:186,0
DA:195,0
DA:196,0
DA:197,0
DA:198,0
DA:199,0
DA:200,0
DA:201,0
DA:205,0
DA:206,0
DA:208,0
DA:211,0
DA:228,0
DA:230,0
DA:232,0
DA:243,0
DA:244,0
DA:256,6
DA:257,0
DA:258,0
DA:262,0
DA:266,0
DA:271,0
DA:273,0
DA:274,0
DA:276,0
DA:277,0
DA:278,0
DA:279,0
DA:287,0
DA:288,0
DA:289,0
DA:290,0
DA:291,0
DA:292,0
DA:296,0
DA:297,0
DA:299,0
DA:300,0
DA:301,0
DA:302,0
DA:312,0
DA:314,0
DA:315,0
DA:316,0
DA:317,0
DA:318,0
DA:320,0
DA:321,0
DA:322,0
DA:323,0
DA:333,0
DA:336,0
DA:337,0
DA:338,0
DA:339,0
DA:340,0
DA:341,0
DA:342,0
DA:343,0
DA:344,0
DA:347,0
DA:348,0
DA:349,0
DA:350,0
DA:351,0
DA:352,0
DA:355,0
DA:359,0
DA:372,0
DA:373,0
DA:381,6
DA:382,0
DA:383,0
DA:390,0
DA:395,0
DA:396,0
DA:402,0
DA:403,0
DA:405,0
DA:406,0
DA:407,0
DA:410,0
DA:412,0
DA:419,0
DA:420,0
DA:421,0
DA:422,0
DA:427,0
DA:430,0
DA:432,0
DA:434,0
DA:445,0
DA:446,0
DA:454,6
DA:455,0
DA:456,0
DA:458,0
DA:459,0
DA:466,0
DA:468,0
DA:476,0
DA:477,0
DA:478,0
DA:485,0
DA:491,0
DA:493,0
DA:495,0
DA:503,0
DA:504,0
DA:513,6
DA:514,0
DA:518,0
DA:519,0
DA:520,0
DA:523,0
DA:524,0
DA:526,0
DA:528,0
DA:530,0
DA:538,0
DA:539,0
DA:540,0
DA:547,0
DA:553,0
DA:555,0
DA:557,0
DA:565,0
DA:566,0
DA:577,6
DA:578,0
DA:579,0
DA:581,0
DA:586,0
DA:587,0
DA:588,0
DA:591,0
DA:592,0
DA:593,0
DA:596,0
DA:598,0
DA:599,0
DA:600,0
DA:601,0
DA:604,0
DA:608,0
DA:621,0
DA:622,0
DA:633,6
DA:634,0
DA:635,0
DA:641,0
DA:643,0
DA:644,0
DA:647,0
DA:648,0
DA:650,0
DA:651,0
DA:653,0
DA:655,0
DA:667,0
DA:678,6
DA:683,0
DA:685,0
DA:686,0
DA:687,0
DA:688,0
DA:690,0
DA:691,0
DA:694,0
DA:695,0
DA:701,0
DA:702,0
DA:703,0
DA:704,0
DA:705,0
DA:706,0
DA:707,0
DA:708,0
DA:709,0
DA:710,0
DA:716,0
DA:717,0
DA:724,0
DA:725,0
DA:727,0
DA:730,0
DA:736,0
DA:737,0
DA:738,0
DA:740,0
DA:741,0
DA:747,0
DA:755,0
DA:760,0
DA:761,0
DA:767,0
DA:776,6
DA:781,0
DA:782,0
DA:788,0
DA:789,0
DA:790,0
DA:793,0
DA:797,0
DA:798,0
DA:799,0
DA:802,0
DA:807,0
DA:808,0
DA:809,0
DA:812,0
DA:814,0
DA:818,0
DA:825,0
DA:826,0
DA:831,6
LF:291
LH:20
BRDA:14,0,0,0
BRDA:14,0,1,0
BRDA:15,1,0,0
BRDA:15,1,1,0
BRDA:17,2,0,0
BRDA:17,2,1,0
BRDA:17,2,2,0
BRDA:17,2,3,0
BRDA:18,3,0,0
BRDA:18,3,1,0
BRDA:36,4,0,0
BRDA:49,5,0,0
BRDA:49,5,1,0
BRDA:57,6,0,0
BRDA:57,6,1,0
BRDA:59,7,0,0
BRDA:59,7,1,0
BRDA:59,8,0,0
BRDA:59,8,1,0
BRDA:60,9,0,0
BRDA:60,9,1,0
BRDA:61,10,0,0
BRDA:61,10,1,0
BRDA:64,11,0,0
BRDA:64,11,1,0
BRDA:66,12,0,0
BRDA:66,12,1,0
BRDA:67,13,0,0
BRDA:67,13,1,0
BRDA:68,14,0,0
BRDA:68,14,1,0
BRDA:69,15,0,0
BRDA:69,15,1,0
BRDA:74,16,0,0
BRDA:74,16,1,0
BRDA:75,17,0,0
BRDA:75,17,1,0
BRDA:76,18,0,0
BRDA:76,18,1,0
BRDA:79,19,0,0
BRDA:79,19,1,0
BRDA:79,20,0,0
BRDA:79,20,1,0
BRDA:80,21,0,0
BRDA:80,21,1,0
BRDA:80,22,0,0
BRDA:80,22,1,0
BRDA:81,23,0,0
BRDA:81,23,1,0
BRDA:81,24,0,0
BRDA:81,24,1,0
BRDA:82,25,0,0
BRDA:82,25,1,0
BRDA:82,26,0,0
BRDA:82,26,1,0
BRDA:93,27,0,0
BRDA:93,27,1,0
BRDA:98,28,0,0
BRDA:98,28,1,0
BRDA:121,29,0,0
BRDA:121,29,1,0
BRDA:130,30,0,0
BRDA:130,30,1,0
BRDA:131,31,0,0
BRDA:131,31,1,0
BRDA:132,32,0,0
BRDA:132,32,1,0
BRDA:135,33,0,0
BRDA:135,33,1,0
BRDA:135,34,0,0
BRDA:135,34,1,0
BRDA:136,35,0,0
BRDA:136,35,1,0
BRDA:136,36,0,0
BRDA:136,36,1,0
BRDA:137,37,0,0
BRDA:137,37,1,0
BRDA:137,38,0,0
BRDA:137,38,1,0
BRDA:138,39,0,0
BRDA:138,39,1,0
BRDA:138,40,0,0
BRDA:138,40,1,0
BRDA:145,41,0,0
BRDA:145,41,1,0
BRDA:146,42,0,0
BRDA:146,42,1,0
BRDA:178,43,0,0
BRDA:178,43,1,0
BRDA:180,44,0,0
BRDA:180,44,1,0
BRDA:184,45,0,0
BRDA:184,45,1,0
BRDA:185,46,0,0
BRDA:185,46,1,0
BRDA:197,47,0,0
BRDA:197,47,1,0
BRDA:197,48,0,0
BRDA:197,48,1,0
BRDA:208,49,0,0
BRDA:208,49,1,0
BRDA:214,50,0,0
BRDA:214,50,1,0
BRDA:217,51,0,0
BRDA:217,51,1,0
BRDA:222,52,0,0
BRDA:222,52,1,0
BRDA:237,53,0,0
BRDA:237,53,1,0
BRDA:260,54,0,0
BRDA:260,54,1,0
BRDA:260,55,0,0
BRDA:260,55,1,0
BRDA:271,56,0,0
BRDA:271,56,1,0
BRDA:273,57,0,0
BRDA:273,57,1,0
BRDA:277,58,0,0
BRDA:277,58,1,0
BRDA:278,59,0,0
BRDA:278,59,1,0
BRDA:289,60,0,0
BRDA:289,60,1,0
BRDA:289,61,0,0
BRDA:289,61,1,0
BRDA:300,62,0,0
BRDA:300,62,1,0
BRDA:315,63,0,0
BRDA:315,63,1,0
BRDA:315,64,0,0
BRDA:315,64,1,0
BRDA:321,65,0,0
BRDA:321,65,1,0
BRDA:338,66,0,0
BRDA:338,66,1,0
BRDA:340,67,0,0
BRDA:340,67,1,0
BRDA:341,68,0,0
BRDA:341,68,1,0
BRDA:342,69,0,0
BRDA:342,69,1,0
BRDA:343,70,0,0
BRDA:343,70,1,0
BRDA:395,71,0,0
BRDA:395,71,1,0
BRDA:405,72,0,0
BRDA:405,72,1,0
BRDA:406,73,0,0
BRDA:406,73,1,0
BRDA:407,74,0,0
BRDA:407,74,1,0
BRDA:419,75,0,0
BRDA:419,75,1,0
BRDA:421,76,0,0
BRDA:421,76,1,0
BRDA:456,77,0,0
BRDA:458,78,0,0
BRDA:458,78,1,0
BRDA:476,79,0,0
BRDA:476,79,1,0
BRDA:477,80,0,0
BRDA:477,80,1,0
BRDA:491,81,0,0
BRDA:491,81,1,0
BRDA:528,82,0,0
BRDA:538,83,0,0
BRDA:538,83,1,0
BRDA:539,84,0,0
BRDA:539,84,1,0
BRDA:553,85,0,0
BRDA:553,85,1,0
BRDA:586,86,0,0
BRDA:586,86,1,0
BRDA:591,87,0,0
BRDA:591,87,1,0
BRDA:592,88,0,0
BRDA:592,88,1,0
BRDA:593,89,0,0
BRDA:593,89,1,0
BRDA:596,90,0,0
BRDA:596,90,1,0
BRDA:600,91,0,0
BRDA:600,91,1,0
BRDA:601,92,0,0
BRDA:601,92,1,0
BRDA:605,93,0,0
BRDA:605,93,1,0
BRDA:605,94,0,0
BRDA:605,94,1,0
BRDA:612,95,0,0
BRDA:612,95,1,0
BRDA:615,96,0,0
BRDA:615,96,1,0
BRDA:641,97,0,0
BRDA:641,97,1,0
BRDA:643,98,0,0
BRDA:643,98,1,0
BRDA:644,99,0,0
BRDA:644,99,1,0
BRDA:647,100,0,0
BRDA:647,100,1,0
BRDA:648,101,0,0
BRDA:648,101,1,0
BRDA:653,102,0,0
BRDA:653,102,1,0
BRDA:660,103,0,0
BRDA:660,103,1,0
BRDA:683,104,0,0
BRDA:683,105,0,0
BRDA:683,105,1,0
BRDA:704,106,0,0
BRDA:704,106,1,0
BRDA:706,107,0,0
BRDA:706,107,1,0
BRDA:706,108,0,0
BRDA:706,108,1,0
BRDA:709,109,0,0
BRDA:709,109,1,0
BRDA:736,110,0,0
BRDA:736,110,1,0
BRDA:736,111,0,0
BRDA:736,111,1,0
BRDA:740,112,0,0
BRDA:740,112,1,0
BRDA:764,113,0,0
BRDA:764,113,1,0
BRDA:788,114,0,0
BRDA:788,114,1,0
BRDA:797,115,0,0
BRDA:797,115,1,0
BRDA:807,116,0,0
BRDA:807,116,1,0
BRDA:814,117,0,0
BRDA:814,117,1,0
BRDA:819,118,0,0
BRDA:819,118,1,0
BRDA:820,119,0,0
BRDA:820,119,1,0
BRF:238
BRH:0
end_of_record
TN:
SF:routes\meta.js
FN:13,(anonymous_0)
FN:30,(anonymous_1)
FNF:2
FNH:0
FNDA:0,(anonymous_0)
FNDA:0,(anonymous_1)
DA:8,0
DA:9,0
DA:13,0
DA:14,0
DA:15,0
DA:16,0
DA:17,0
DA:19,0
DA:20,0
DA:30,0
DA:31,0
DA:38,0
LF:12
LH:0
BRF:0
BRH:0
end_of_record
TN:
SF:routes\scraped-meta.js
FN:20,getSupabase
FN:32,(anonymous_1)
FN:43,(anonymous_2)
FN:50,(anonymous_3)
FN:58,(anonymous_4)
FN:77,standingToRank
FN:93,(anonymous_6)
FN:105,(anonymous_7)
FN:150,(anonymous_8)
FN:162,(anonymous_9)
FN:193,(anonymous_10)
FN:194,(anonymous_11)
FN:217,(anonymous_12)
FN:229,(anonymous_13)
FN:229,(anonymous_14)
FN:231,(anonymous_15)
FN:232,(anonymous_16)
FN:235,(anonymous_17)
FN:240,(anonymous_18)
FNF:19
FNH:0
FNDA:0,getSupabase
FNDA:0,(anonymous_1)
FNDA:0,(anonymous_2)
FNDA:0,(anonymous_3)
FNDA:0,(anonymous_4)
FNDA:0,standingToRank
FNDA:0,(anonymous_6)
FNDA:0,(anonymous_7)
FNDA:0,(anonymous_8)
FNDA:0,(anonymous_9)
FNDA:0,(anonymous_10)
FNDA:0,(anonymous_11)
FNDA:0,(anonymous_12)
FNDA:0,(anonymous_13)
FNDA:0,(anonymous_14)
FNDA:0,(anonymous_15)
FNDA:0,(anonymous_16)
FNDA:0,(anonymous_17)
FNDA:0,(anonymous_18)
DA:13,6
DA:14,6
DA:15,6
DA:17,6
DA:18,6
DA:21,0
DA:22,0
DA:23,0
DA:24,0
DA:26,0
DA:32,6
DA:33,0
DA:34,0
DA:35,0
DA:39,0
DA:41,0
DA:42,0
DA:43,0
DA:44,0
DA:45,0
DA:48,0
DA:49,0
DA:50,0
DA:58,0
DA:60,0
DA:65,0
DA:66,0
DA:67,0
DA:78,0
DA:79,0
DA:81,0
DA:82,0
DA:84,0
DA:85,0
DA:87,0
DA:93,6
DA:94,0
DA:95,0
DA:96,0
DA:100,0
DA:102,0
DA:103,0
DA:105,0
DA:106,0
DA:108,0
DA:109,0
DA:119,0
DA:121,0
DA:122,0
DA:124,0
DA:126,0
DA:131,0
DA:132,0
DA:137,0
DA:138,0
DA:143,0
DA:147,0
DA:148,0
DA:150,0
DA:151,0
DA:153,0
DA:157,0
DA:159,0
DA:162,0
DA:167,0
DA:179,0
DA:180,0
DA:181,0
DA:185,0
DA:186,0
DA:187,0
DA:189,0
DA:193,0
DA:194,0
DA:197,0
DA:203,0
DA:204,0
DA:205,0
DA:217,6
DA:218,0
DA:219,0
DA:220,0
DA:225,0
DA:227,0
DA:228,0
DA:229,0
DA:231,0
DA:232,0
DA:234,0
DA:235,0
DA:236,0
DA:237,0
DA:240,0
DA:241,0
DA:243,0
DA:244,0
DA:258,0
DA:259,0
DA:260,0
DA:269,6
LF:100
LH:9
BRDA:21,0,0,0
BRDA:21,0,1,0
BRDA:21,1,0,0
BRDA:21,1,1,0
BRDA:39,2,0,0
BRDA:39,2,1,0
BRDA:41,3,0,0
BRDA:41,3,1,0
BRDA:44,4,0,0
BRDA:44,4,1,0
BRDA:45,5,0,0
BRDA:45,5,1,0
BRDA:54,6,0,0
BRDA:54,6,1,0
BRDA:66,7,0,0
BRDA:66,7,1,0
BRDA:69,8,0,0
BRDA:69,8,1,0
BRDA:78,9,0,0
BRDA:78,9,1,0
BRDA:78,10,0,0
BRDA:78,10,1,0
BRDA:82,11,0,0
BRDA:82,11,1,0
BRDA:85,12,0,0
BRDA:85,12,1,0
BRDA:100,13,0,0
BRDA:100,13,1,0
BRDA:102,14,0,0
BRDA:102,14,1,0
BRDA:106,15,0,0
BRDA:106,15,1,0
BRDA:108,16,0,0
BRDA:108,16,1,0
BRDA:121,17,0,0
BRDA:121,17,1,0
BRDA:121,17,2,0
BRDA:124,18,0,0
BRDA:124,18,1,0
BRDA:126,19,0,0
BRDA:126,19,1,0
BRDA:127,20,0,0
BRDA:127,20,1,0
BRDA:127,20,2,0
BRDA:132,21,0,0
BRDA:132,21,1,0
BRDA:133,22,0,0
BRDA:133,22,1,0
BRDA:133,22,2,0
BRDA:138,23,0,0
BRDA:138,23,1,0
BRDA:139,24,0,0
BRDA:139,24,1,0
BRDA:139,24,2,0
BRDA:153,25,0,0
BRDA:153,25,1,0
BRDA:159,26,0,0
BRDA:159,26,1,0
BRDA:179,27,0,0
BRDA:179,27,1,0
BRDA:179,28,0,0
BRDA:179,28,1,0
BRDA:181,29,0,0
BRDA:181,29,1,0
BRDA:182,30,0,0
BRDA:182,30,1,0
BRDA:182,30,2,0
BRDA:186,31,0,0
BRDA:186,31,1,0
BRDA:186,32,0,0
BRDA:186,32,1,0
BRDA:204,33,0,0
BRDA:204,33,1,0
BRDA:207,34,0,0
BRDA:207,34,1,0
BRDA:225,35,0,0
BRDA:225,35,1,0
BRDA:227,36,0,0
BRDA:227,36,1,0
BRDA:229,37,0,0
BRDA:229,37,1,0
BRDA:236,38,0,0
BRDA:236,38,1,0
BRDA:237,39,0,0
BRDA:237,39,1,0
BRDA:247,40,0,0
BRDA:247,40,1,0
BRDA:248,41,0,0
BRDA:248,41,1,0
BRDA:251,42,0,0
BRDA:251,42,1,0
BRDA:254,43,0,0
BRDA:254,43,1,0
BRDA:255,44,0,0
BRDA:255,44,1,0
BRDA:259,45,0,0
BRDA:259,45,1,0
BRDA:262,46,0,0
BRDA:262,46,1,0
BRF:99
BRH:0
end_of_record
TN:
SF:routes\tier-lists.js
FN:21,getSupabaseOptional
FN:32,readFileStore
FN:42,writeFileStore
FN:47,normalizeTiers
FN:59,(anonymous_4)
FN:77,(anonymous_5)
FN:83,(anonymous_6)
FN:104,(anonymous_7)
FN:118,(anonymous_8)
FN:129,(anonymous_9)
FN:206,(anonymous_10)
FN:231,(anonymous_11)
FN:242,(anonymous_12)
FN:278,(anonymous_13)
FN:298,(anonymous_14)
FN:321,(anonymous_15)
FN:335,(anonymous_16)
FN:353,(anonymous_17)
FNF:18
FNH:0
FNDA:0,getSupabaseOptional
FNDA:0,readFileStore
FNDA:0,writeFileStore
FNDA:0,normalizeTiers
FNDA:0,(anonymous_4)
FNDA:0,(anonymous_5)
FNDA:0,(anonymous_6)
FNDA:0,(anonymous_7)
FNDA:0,(anonymous_8)
FNDA:0,(anonymous_9)
FNDA:0,(anonymous_10)
FNDA:0,(anonymous_11)
FNDA:0,(anonymous_12)
FNDA:0,(anonymous_13)
FNDA:0,(anonymous_14)
FNDA:0,(anonymous_15)
FNDA:0,(anonymous_16)
FNDA:0,(anonymous_17)
DA:8,6
DA:9,6
DA:10,6
DA:11,6
DA:12,6
DA:14,6
DA:16,6
DA:17,6
DA:19,6
DA:22,0
DA:23,0
DA:24,0
DA:25,0
DA:26,0
DA:28,0
DA:33,0
DA:34,0
DA:35,0
DA:36,0
DA:38,0
DA:43,0
DA:44,0
DA:48,0
DA:49,0
DA:50,0
DA:51,0
DA:53,0
DA:59,6
DA:60,0
DA:61,0
DA:62,0
DA:63,0
DA:64,0
DA:71,0
DA:72,0
DA:73,0
DA:76,0
DA:77,0
DA:78,0
DA:79,0
DA:80,0
DA:82,0
DA:83,0
DA:96,0
DA:97,0
DA:104,6
DA:105,0
DA:107,0
DA:108,0
DA:109,0
DA:110,0
DA:115,0
DA:117,0
DA:118,0
DA:119,0
DA:121,0
DA:129,6
DA:130,0
DA:131,0
DA:132,0
DA:133,0
DA:136,0
DA:137,0
DA:138,0
DA:139,0
DA:140,0
DA:141,0
DA:143,0
DA:144,0
DA:145,0
DA:152,0
DA:167,0
DA:168,0
DA:169,0
DA:182,0
DA:187,0
DA:188,0
DA:190,0
DA:193,0
DA:194,0
DA:195,0
DA:196,0
DA:198,0
DA:199,0
DA:206,6
DA:207,0
DA:208,0
DA:209,0
DA:211,0
DA:212,0
DA:213,0
DA:218,0
DA:219,0
DA:220,0
DA:221,0
DA:226,0
DA:230,0
DA:231,0
DA:232,0
DA:233,0
DA:235,0
DA:242,6
DA:243,0
DA:244,0
DA:245,0
DA:246,0
DA:247,0
DA:250,0
DA:251,0
DA:252,0
DA:257,0
DA:258,0
DA:263,0
DA:267,0
DA:268,0
DA:277,0
DA:278,0
DA:279,0
DA:280,0
DA:281,0
DA:282,0
DA:283,0
DA:284,0
DA:291,0
DA:298,6
DA:299,0
DA:300,0
DA:301,0
DA:302,0
DA:303,0
DA:308,0
DA:309,0
DA:316,0
DA:320,0
DA:321,0
DA:322,0
DA:323,0
DA:324,0
DA:325,0
DA:326,0
DA:328,0
DA:335,6
DA:336,0
DA:337,0
DA:339,0
DA:341,0
DA:342,0
DA:343,0
DA:348,0
DA:351,0
DA:352,0
DA:353,0
DA:355,0
DA:356,0
DA:357,0
DA:358,0
DA:360,0
DA:364,6
LF:158
LH:17
BRDA:24,0,0,0
BRDA:24,0,1,0
BRDA:24,1,0,0
BRDA:24,1,1,0
BRDA:36,2,0,0
BRDA:36,2,1,0
BRDA:43,3,0,0
BRDA:43,3,1,0
BRDA:49,4,0,0
BRDA:49,4,1,0
BRDA:49,5,0,0
BRDA:49,5,1,0
BRDA:51,6,0,0
BRDA:51,6,1,0
BRDA:61,7,0,0
BRDA:61,7,1,0
BRDA:63,8,0,0
BRDA:63,8,1,0
BRDA:67,9,0,0
BRDA:67,9,1,0
BRDA:72,10,0,0
BRDA:72,10,1,0
BRDA:72,11,0,0
BRDA:72,11,1,0
BRDA:78,12,0,0
BRDA:78,12,1,0
BRDA:80,13,0,0
BRDA:80,13,1,0
BRDA:80,14,0,0
BRDA:80,14,1,0
BRDA:88,15,0,0
BRDA:88,15,1,0
BRDA:89,16,0,0
BRDA:89,16,1,0
BRDA:90,17,0,0
BRDA:90,17,1,0
BRDA:97,18,0,0
BRDA:97,18,1,0
BRDA:107,19,0,0
BRDA:107,19,1,0
BRDA:107,19,2,0
BRDA:107,19,3,0
BRDA:107,20,0,0
BRDA:107,20,1,0
BRDA:109,21,0,0
BRDA:109,21,1,0
BRDA:115,22,0,0
BRDA:115,22,1,0
BRDA:115,23,0,0
BRDA:115,23,1,0
BRDA:121,24,0,0
BRDA:121,24,1,0
BRDA:131,25,0,0
BRDA:131,25,1,0
BRDA:132,26,0,0
BRDA:132,26,1,0
BRDA:132,27,0,0
BRDA:132,27,1,0
BRDA:139,28,0,0
BRDA:139,28,1,0
BRDA:139,29,0,0
BRDA:139,29,1,0
BRDA:143,30,0,0
BRDA:143,30,1,0
BRDA:146,31,0,0
BRDA:146,31,1,0
BRDA:146,31,2,0
BRDA:146,31,3,0
BRDA:156,32,0,0
BRDA:156,32,1,0
BRDA:159,33,0,0
BRDA:159,33,1,0
BRDA:159,34,0,0
BRDA:159,34,1,0
BRDA:168,35,0,0
BRDA:168,35,1,0
BRDA:187,36,0,0
BRDA:187,36,1,0
BRDA:187,37,0,0
BRDA:187,37,1,0
BRDA:190,38,0,0
BRDA:190,38,1,0
BRDA:199,39,0,0
BRDA:199,39,1,0
BRDA:209,40,0,0
BRDA:209,40,1,0
BRDA:209,41,0,0
BRDA:209,41,1,0
BRDA:212,42,0,0
BRDA:212,42,1,0
BRDA:218,43,0,0
BRDA:218,43,1,0
BRDA:218,44,0,0
BRDA:218,44,1,0
BRDA:219,45,0,0
BRDA:219,45,1,0
BRDA:232,46,0,0
BRDA:232,46,1,0
BRDA:235,47,0,0
BRDA:235,47,1,0
BRDA:246,48,0,0
BRDA:246,48,1,0
BRDA:246,49,0,0
BRDA:246,49,1,0
BRDA:251,50,0,0
BRDA:251,50,1,0
BRDA:257,51,0,0
BRDA:257,51,1,0
BRDA:257,52,0,0
BRDA:257,52,1,0
BRDA:259,53,0,0
BRDA:259,53,1,0
BRDA:259,54,0,0
BRDA:259,54,1,0
BRDA:260,55,0,0
BRDA:260,55,1,0
BRDA:260,56,0,0
BRDA:260,56,1,0
BRDA:267,57,0,0
BRDA:267,57,1,0
BRDA:279,58,0,0
BRDA:279,58,1,0
BRDA:280,59,0,0
BRDA:280,59,1,0
BRDA:280,60,0,0
BRDA:280,60,1,0
BRDA:281,61,0,0
BRDA:281,61,1,0
BRDA:291,62,0,0
BRDA:291,62,1,0
BRDA:302,63,0,0
BRDA:302,63,1,0
BRDA:308,64,0,0
BRDA:308,64,1,0
BRDA:308,65,0,0
BRDA:308,65,1,0
BRDA:312,66,0,0
BRDA:312,66,1,0
BRDA:316,67,0,0
BRDA:316,67,1,0
BRDA:316,68,0,0
BRDA:316,68,1,0
BRDA:322,69,0,0
BRDA:322,69,1,0
BRDA:323,70,0,0
BRDA:323,70,1,0
BRDA:328,71,0,0
BRDA:328,71,1,0
BRDA:339,72,0,0
BRDA:339,72,1,0
BRDA:339,72,2,0
BRDA:339,72,3,0
BRDA:342,73,0,0
BRDA:342,73,1,0
BRDA:348,74,0,0
BRDA:348,74,1,0
BRDA:353,75,0,0
BRDA:353,75,1,0
BRDA:355,76,0,0
BRDA:355,76,1,0
BRDA:360,77,0,0
BRDA:360,77,1,0
BRF:162
BRH:0
end_of_record
TN:
SF:routes\tournaments.js
FN:14,readStore
FN:24,writeStore
FN:29,organizerKey
FN:34,(anonymous_3)
FN:38,(anonymous_4)
FN:47,(anonymous_5)
FN:96,(anonymous_6)
FN:98,(anonymous_7)
FN:107,(anonymous_8)
FN:109,(anonymous_9)
FN:116,(anonymous_10)
FN:137,(anonymous_11)
FN:163,(anonymous_12)
FN:164,(anonymous_13)
FN:165,(anonymous_14)
FN:180,(anonymous_15)
FN:182,(anonymous_16)
FN:216,(anonymous_17)
FN:224,(anonymous_18)
FN:242,(anonymous_19)
FN:243,(anonymous_20)
FN:256,(anonymous_21)
FN:302,enrichStandingsRow
FN:329,(anonymous_23)
FN:331,(anonymous_24)
FN:337,(anonymous_25)
FN:354,(anonymous_26)
FN:360,(anonymous_27)
FN:371,(anonymous_28)
FN:373,(anonymous_29)
FN:387,(anonymous_30)
FN:388,(anonymous_31)
FN:400,(anonymous_32)
FN:402,(anonymous_33)
FN:410,(anonymous_34)
FN:428,(anonymous_35)
FN:453,(anonymous_36)
FN:454,(anonymous_37)
FN:455,(anonymous_38)
FNF:39
FNH:17
FNDA:8,readStore
FNDA:7,writeStore
FNDA:8,organizerKey
FNDA:0,(anonymous_3)
FNDA:0,(anonymous_4)
FNDA:3,(anonymous_5)
FNDA:0,(anonymous_6)
FNDA:0,(anonymous_7)
FNDA:1,(anonymous_8)
FNDA:2,(anonymous_9)
FNDA:4,(anonymous_10)
FNDA:2,(anonymous_11)
FNDA:2,(anonymous_12)
FNDA:0,(anonymous_13)
FNDA:0,(anonymous_14)
FNDA:4,(anonymous_15)
FNDA:8,(anonymous_16)
FNDA:0,(anonymous_17)
FNDA:0,(anonymous_18)
FNDA:0,(anonymous_19)
FNDA:0,(anonymous_20)
FNDA:0,(anonymous_21)
FNDA:4,enrichStandingsRow
FNDA:1,(anonymous_23)
FNDA:2,(anonymous_24)
FNDA:4,(anonymous_25)
FNDA:4,(anonymous_26)
FNDA:2,(anonymous_27)
FNDA:0,(anonymous_28)
FNDA:0,(anonymous_29)
FNDA:0,(anonymous_30)
FNDA:0,(anonymous_31)
FNDA:0,(anonymous_32)
FNDA:0,(anonymous_33)
FNDA:0,(anonymous_34)
FNDA:0,(anonymous_35)
FNDA:0,(anonymous_36)
FNDA:0,(anonymous_37)
FNDA:0,(anonymous_38)
DA:3,6
DA:4,6
DA:5,6
DA:6,6
DA:7,6
DA:8,6
DA:10,6
DA:11,6
DA:12,6
DA:15,8
DA:16,8
DA:17,8
DA:18,8
DA:20,0
DA:25,7
DA:26,7
DA:30,8
DA:34,6
DA:35,0
DA:36,0
DA:37,0
DA:38,0
DA:39,0
DA:41,0
DA:42,0
DA:47,6
DA:48,3
DA:49,3
DA:50,3
DA:51,1
DA:54,2
DA:56,2
DA:60,2
DA:85,2
DA:86,2
DA:87,2
DA:88,2
DA:90,0
DA:91,0
DA:96,6
DA:97,0
DA:98,0
DA:99,0
DA:100,0
DA:101,0
DA:103,0
DA:107,6
DA:108,1
DA:109,2
DA:110,1
DA:111,1
DA:112,1
DA:113,0
DA:116,4
DA:126,1
DA:127,0
DA:130,1
DA:131,1
DA:132,1
DA:133,0
DA:136,1
DA:137,2
DA:148,1
DA:149,1
DA:150,1
DA:152,1
DA:153,2
DA:154,2
DA:155,2
DA:156,2
DA:157,2
DA:158,2
DA:159,2
DA:163,2
DA:164,0
DA:165,0
DA:167,0
DA:168,0
DA:169,0
DA:173,1
DA:174,1
DA:175,1
DA:176,1
DA:180,6
DA:181,4
DA:182,8
DA:183,4
DA:184,4
DA:185,4
DA:186,0
DA:189,4
DA:190,4
DA:192,4
DA:193,4
DA:194,0
DA:197,4
DA:209,4
DA:210,4
DA:211,4
DA:212,4
DA:216,6
DA:217,0
DA:218,0
DA:220,0
DA:221,0
DA:222,0
DA:223,0
DA:224,0
DA:225,0
DA:226,0
DA:227,0
DA:228,0
DA:231,0
DA:232,0
DA:233,0
DA:236,0
DA:237,0
DA:240,0
DA:241,0
DA:242,0
DA:243,0
DA:245,0
DA:246,0
DA:247,0
DA:249,0
DA:250,0
DA:251,0
DA:252,0
DA:253,0
DA:254,0
DA:255,0
DA:256,0
DA:257,0
DA:258,0
DA:259,0
DA:261,0
DA:262,0
DA:263,0
DA:264,0
DA:265,0
DA:267,0
DA:268,0
DA:269,0
DA:270,0
DA:271,0
DA:273,0
DA:274,0
DA:276,0
DA:277,0
DA:279,0
DA:280,0
DA:282,0
DA:283,0
DA:285,0
DA:286,0
DA:287,0
DA:288,0
DA:289,0
DA:290,0
DA:291,0
DA:294,0
DA:297,0
DA:298,0
DA:299,0
DA:303,4
DA:304,4
DA:305,4
DA:306,4
DA:307,4
DA:308,4
DA:309,4
DA:310,4
DA:329,6
DA:330,1
DA:331,2
DA:332,1
DA:333,1
DA:334,0
DA:337,1
DA:338,4
DA:339,4
DA:341,4
DA:343,4
DA:344,4
DA:345,0
DA:346,0
DA:347,0
DA:348,0
DA:349,0
DA:351,4
DA:354,4
DA:359,1
DA:360,2
DA:363,1
DA:371,6
DA:372,0
DA:373,0
DA:374,0
DA:375,0
DA:376,0
DA:377,0
DA:379,0
DA:380,0
DA:382,0
DA:383,0
DA:384,0
DA:385,0
DA:387,0
DA:388,0
DA:389,0
DA:390,0
DA:392,0
DA:393,0
DA:394,0
DA:395,0
DA:396,0
DA:400,6
DA:401,0
DA:402,0
DA:403,0
DA:404,0
DA:405,0
DA:406,0
DA:409,0
DA:410,0
DA:412,0
DA:413,0
DA:416,0
DA:417,0
DA:418,0
DA:421,0
DA:422,0
DA:423,0
DA:426,0
DA:427,0
DA:428,0
DA:439,0
DA:440,0
DA:442,0
DA:443,0
DA:444,0
DA:445,0
DA:446,0
DA:447,0
DA:448,0
DA:449,0
DA:453,0
DA:454,0
DA:455,0
DA:457,0
DA:458,0
DA:459,0
DA:463,0
DA:464,0
DA:465,0
DA:468,6
LF:256
LH:102
BRDA:18,0,0,8
BRDA:18,0,1,0
BRDA:18,1,0,8
BRDA:18,1,1,8
BRDA:25,2,0,0
BRDA:25,2,1,7
BRDA:30,3,0,8
BRDA:30,3,1,0
BRDA:42,4,0,0
BRDA:42,4,1,0
BRDA:49,5,0,3
BRDA:49,5,1,0
BRDA:50,6,0,1
BRDA:50,6,1,2
BRDA:50,7,0,3
BRDA:50,7,1,3
BRDA:56,8,0,1
BRDA:56,8,1,1
BRDA:56,9,0,2
BRDA:56,9,1,1
BRDA:65,10,0,2
BRDA:65,10,1,2
BRDA:66,11,0,2
BRDA:66,11,1,2
BRDA:67,12,0,2
BRDA:67,12,1,2
BRDA:71,13,0,2
BRDA:71,13,1,0
BRDA:73,14,0,2
BRDA:73,14,1,2
BRDA:74,15,0,2
BRDA:74,15,1,2
BRDA:75,16,0,2
BRDA:75,16,1,2
BRDA:76,17,0,2
BRDA:76,17,1,2
BRDA:91,18,0,0
BRDA:91,18,1,0
BRDA:99,19,0,0
BRDA:99,19,1,0
BRDA:100,20,0,0
BRDA:100,20,1,0
BRDA:110,21,0,0
BRDA:110,21,1,1
BRDA:112,22,0,0
BRDA:112,22,1,1
BRDA:116,23,0,1
BRDA:116,23,1,0
BRDA:118,24,0,4
BRDA:118,24,1,4
BRDA:119,25,0,4
BRDA:119,25,1,4
BRDA:120,26,0,4
BRDA:120,26,1,4
BRDA:121,27,0,4
BRDA:121,27,1,4
BRDA:122,28,0,4
BRDA:122,28,1,4
BRDA:123,29,0,4
BRDA:123,29,1,4
BRDA:126,30,0,0
BRDA:126,30,1,1
BRDA:131,31,0,1
BRDA:131,31,1,0
BRDA:133,32,0,0
BRDA:133,32,1,0
BRDA:141,33,0,0
BRDA:141,33,1,2
BRDA:144,34,0,0
BRDA:144,34,1,2
BRDA:145,35,0,0
BRDA:145,35,1,2
BRDA:150,36,0,1
BRDA:150,36,1,0
BRDA:153,37,0,2
BRDA:153,37,1,0
BRDA:153,38,0,2
BRDA:153,38,1,2
BRDA:156,39,0,2
BRDA:156,39,1,0
BRDA:157,40,0,2
BRDA:157,40,1,0
BRDA:163,41,0,0
BRDA:163,41,1,1
BRDA:165,42,0,0
BRDA:165,42,1,0
BRDA:167,43,0,0
BRDA:167,43,1,0
BRDA:168,44,0,0
BRDA:168,44,1,0
BRDA:169,45,0,0
BRDA:169,45,1,0
BRDA:183,46,0,0
BRDA:183,46,1,4
BRDA:185,47,0,0
BRDA:185,47,1,4
BRDA:189,48,0,4
BRDA:189,48,1,0
BRDA:190,49,0,0
BRDA:190,49,1,4
BRDA:192,50,0,4
BRDA:192,50,1,0
BRDA:193,51,0,0
BRDA:193,51,1,4
BRDA:193,52,0,4
BRDA:193,52,1,0
BRDA:200,53,0,4
BRDA:200,53,1,4
BRDA:201,54,0,4
BRDA:201,54,1,4
BRDA:218,55,0,0
BRDA:218,55,1,0
BRDA:224,56,0,0
BRDA:224,56,1,0
BRDA:225,57,0,0
BRDA:225,57,1,0
BRDA:231,58,0,0
BRDA:231,58,1,0
BRDA:231,59,0,0
BRDA:231,59,1,0
BRDA:232,60,0,0
BRDA:232,60,1,0
BRDA:236,61,0,0
BRDA:236,61,1,0
BRDA:236,62,0,0
BRDA:236,62,1,0
BRDA:240,63,0,0
BRDA:240,63,1,0
BRDA:241,64,0,0
BRDA:241,64,1,0
BRDA:245,65,0,0
BRDA:245,65,1,0
BRDA:245,66,0,0
BRDA:245,66,1,0
BRDA:245,66,2,0
BRDA:246,67,0,0
BRDA:246,67,1,0
BRDA:251,68,0,0
BRDA:251,68,1,0
BRDA:252,69,0,0
BRDA:252,69,1,0
BRDA:253,70,0,0
BRDA:253,70,1,0
BRDA:254,71,0,0
BRDA:254,71,1,0
BRDA:255,72,0,0
BRDA:255,72,1,0
BRDA:255,73,0,0
BRDA:255,73,1,0
BRDA:255,73,2,0
BRDA:257,74,0,0
BRDA:257,74,1,0
BRDA:258,75,0,0
BRDA:258,75,1,0
BRDA:258,76,0,0
BRDA:258,76,1,0
BRDA:258,76,2,0
BRDA:263,77,0,0
BRDA:263,77,1,0
BRDA:264,78,0,0
BRDA:264,78,1,0
BRDA:265,79,0,0
BRDA:265,79,1,0
BRDA:267,80,0,0
BRDA:267,80,1,0
BRDA:270,81,0,0
BRDA:270,81,1,0
BRDA:270,82,0,0
BRDA:270,82,1,0
BRDA:273,83,0,0
BRDA:273,83,1,0
BRDA:273,84,0,0
BRDA:273,84,1,0
BRDA:273,84,2,0
BRDA:273,84,3,0
BRDA:276,85,0,0
BRDA:276,85,1,0
BRDA:276,86,0,0
BRDA:276,86,1,0
BRDA:279,87,0,0
BRDA:279,87,1,0
BRDA:279,88,0,0
BRDA:279,88,1,0
BRDA:282,89,0,0
BRDA:282,89,1,0
BRDA:282,90,0,0
BRDA:282,90,1,0
BRDA:288,91,0,0
BRDA:288,91,1,0
BRDA:289,92,0,0
BRDA:289,92,1,0
BRDA:290,93,0,0
BRDA:290,93,1,0
BRDA:291,94,0,0
BRDA:291,94,1,0
BRDA:303,95,0,4
BRDA:303,95,1,4
BRDA:304,96,0,4
BRDA:304,96,1,4
BRDA:305,97,0,4
BRDA:305,97,1,4
BRDA:307,98,0,4
BRDA:307,98,1,4
BRDA:308,99,0,4
BRDA:308,99,1,4
BRDA:314,100,0,4
BRDA:314,100,1,4
BRDA:320,101,0,0
BRDA:320,101,1,4
BRDA:322,102,0,0
BRDA:322,102,1,4
BRDA:322,103,0,4
BRDA:322,103,1,0
BRDA:322,104,0,4
BRDA:322,104,1,0
BRDA:332,105,0,0
BRDA:332,105,1,1
BRDA:333,106,0,0
BRDA:333,106,1,1
BRDA:337,107,0,1
BRDA:337,107,1,0
BRDA:338,108,0,4
BRDA:338,108,1,4
BRDA:338,109,0,4
BRDA:338,109,1,4
BRDA:339,110,0,0
BRDA:339,110,1,4
BRDA:341,111,0,4
BRDA:341,111,1,4
BRDA:341,112,0,4
BRDA:341,112,1,4
BRDA:341,113,0,4
BRDA:341,113,1,4
BRDA:341,114,0,4
BRDA:341,114,1,4
BRDA:342,115,0,4
BRDA:342,115,1,4
BRDA:342,116,0,4
BRDA:342,116,1,4
BRDA:342,117,0,4
BRDA:342,117,1,4
BRDA:342,118,0,4
BRDA:342,118,1,4
BRDA:343,119,0,0
BRDA:343,119,1,4
BRDA:343,120,0,0
BRDA:343,120,1,0
BRDA:344,121,0,0
BRDA:344,121,1,4
BRDA:344,122,0,4
BRDA:344,122,1,0
BRDA:345,123,0,0
BRDA:345,123,1,0
BRDA:345,124,0,0
BRDA:345,124,1,0
BRDA:346,125,0,0
BRDA:346,125,1,0
BRDA:346,126,0,0
BRDA:346,126,1,0
BRDA:347,127,0,0
BRDA:347,127,1,0
BRDA:347,128,0,0
BRDA:347,128,1,0
BRDA:348,129,0,0
BRDA:348,129,1,0
BRDA:348,130,0,0
BRDA:348,130,1,0
BRDA:349,131,0,0
BRDA:349,131,1,0
BRDA:359,132,0,1
BRDA:359,132,1,0
BRDA:360,133,0,2
BRDA:360,133,1,2
BRDA:360,133,2,2
BRDA:374,134,0,0
BRDA:374,134,1,0
BRDA:376,135,0,0
BRDA:376,135,1,0
BRDA:379,136,0,0
BRDA:379,136,1,0
BRDA:382,137,0,0
BRDA:382,137,1,0
BRDA:383,138,0,0
BRDA:383,138,1,0
BRDA:384,139,0,0
BRDA:384,139,1,0
BRDA:387,140,0,0
BRDA:387,140,1,0
BRDA:388,141,0,0
BRDA:388,141,1,0
BRDA:389,142,0,0
BRDA:389,142,1,0
BRDA:403,143,0,0
BRDA:403,143,1,0
BRDA:405,144,0,0
BRDA:405,144,1,0
BRDA:409,145,0,0
BRDA:409,145,1,0
BRDA:410,146,0,0
BRDA:410,146,1,0
BRDA:410,146,2,0
BRDA:412,147,0,0
BRDA:412,147,1,0
BRDA:416,148,0,0
BRDA:416,148,1,0
BRDA:417,149,0,0
BRDA:417,149,1,0
BRDA:417,150,0,0
BRDA:417,150,1,0
BRDA:422,151,0,0
BRDA:422,151,1,0
BRDA:423,152,0,0
BRDA:423,152,1,0
BRDA:426,153,0,0
BRDA:426,153,1,0
BRDA:427,154,0,0
BRDA:427,154,1,0
BRDA:432,155,0,0
BRDA:432,155,1,0
BRDA:435,156,0,0
BRDA:435,156,1,0
BRDA:436,157,0,0
BRDA:436,157,1,0
BRDA:440,158,0,0
BRDA:440,158,1,0
BRDA:443,159,0,0
BRDA:443,159,1,0
BRDA:443,160,0,0
BRDA:443,160,1,0
BRDA:446,161,0,0
BRDA:446,161,1,0
BRDA:447,162,0,0
BRDA:447,162,1,0
BRDA:453,163,0,0
BRDA:453,163,1,0
BRDA:454,164,0,0
BRDA:454,164,1,0
BRDA:455,165,0,0
BRDA:455,165,1,0
BRDA:457,166,0,0
BRDA:457,166,1,0
BRDA:458,167,0,0
BRDA:458,167,1,0
BRDA:459,168,0,0
BRDA:459,168,1,0
BRF:345
BRH:114
end_of_record
TN:
SF:routes\user.js
FN:22,(anonymous_0)
FN:50,(anonymous_1)
FN:103,(anonymous_2)
FN:194,(anonymous_3)
FN:237,(anonymous_4)
FNF:5
FNH:0
FNDA:0,(anonymous_0)
FNDA:0,(anonymous_1)
FNDA:0,(anonymous_2)
FNDA:0,(anonymous_3)
FNDA:0,(anonymous_4)
DA:7,6
DA:8,6
DA:9,6
DA:10,6
DA:11,6
DA:13,6
DA:22,6
DA:23,0
DA:24,0
DA:30,0
DA:32,0
DA:38,0
DA:39,0
DA:50,6
DA:51,0
DA:52,0
DA:55,0
DA:56,0
DA:63,0
DA:67,0
DA:68,0
DA:69,0
DA:72,0
DA:79,0
DA:82,0
DA:84,0
DA:91,0
DA:92,0
DA:103,6
DA:104,0
DA:105,0
DA:107,0
DA:108,0
DA:115,0
DA:116,0
DA:122,0
DA:123,0
DA:129,0
DA:130,0
DA:136,0
DA:137,0
DA:144,0
DA:150,0
DA:153,0
DA:155,0
DA:156,0
DA:163,0
DA:166,0
DA:174,0
DA:176,0
DA:182,0
DA:183,0
DA:194,6
DA:195,0
DA:199,0
DA:201,0
DA:202,0
DA:208,0
DA:216,0
DA:218,0
DA:225,0
DA:226,0
DA:237,6
DA:238,0
DA:239,0
DA:242,0
DA:248,0
DA:249,0
DA:256,0
DA:261,0
DA:263,0
DA:269,0
DA:270,0
DA:277,6
LF:74
LH:12
BRDA:30,0,0,0
BRDA:30,0,1,0
BRDA:55,1,0,0
BRDA:55,1,1,0
BRDA:55,2,0,0
BRDA:55,2,1,0
BRDA:67,3,0,0
BRDA:67,3,1,0
BRDA:68,4,0,0
BRDA:68,4,1,0
BRDA:68,5,0,0
BRDA:68,5,1,0
BRDA:69,6,0,0
BRDA:69,6,1,0
BRDA:69,7,0,0
BRDA:69,7,1,0
BRDA:79,8,0,0
BRDA:79,8,1,0
BRDA:107,9,0,0
BRDA:107,9,1,0
BRDA:107,10,0,0
BRDA:107,10,1,0
BRDA:115,11,0,0
BRDA:115,11,1,0
BRDA:122,12,0,0
BRDA:122,12,1,0
BRDA:129,13,0,0
BRDA:129,13,1,0
BRDA:136,14,0,0
BRDA:136,14,1,0
BRDA:150,15,0,0
BRDA:150,15,1,0
BRDA:155,16,0,0
BRDA:155,16,1,0
BRDA:174,17,0,0
BRDA:174,17,1,0
BRDA:201,18,0,0
BRDA:201,18,1,0
BRDA:216,19,0,0
BRDA:216,19,1,0
BRDA:248,20,0,0
BRDA:248,20,1,0
BRDA:261,21,0,0
BRDA:261,21,1,0
BRF:44
BRH:0
end_of_record
TN:
SF:services\aiProvider.js
FNF:0
FNH:0
LF:0
LH:0
BRF:0
BRH:0
end_of_record
TN:
SF:services\archetype-ml.js
FN:24,(anonymous_0)
FN:36,(anonymous_1)
FN:69,(anonymous_2)
FN:71,(anonymous_3)
FN:74,(anonymous_4)
FN:81,(anonymous_5)
FN:98,(anonymous_6)
FN:128,(anonymous_7)
FN:158,(anonymous_8)
FN:161,(anonymous_9)
FN:162,(anonymous_10)
FN:162,(anonymous_11)
FN:174,(anonymous_12)
FN:188,(anonymous_13)
FN:199,(anonymous_14)
FN:207,(anonymous_15)
FN:257,(anonymous_16)
FN:321,(anonymous_17)
FN:355,(anonymous_18)
FN:374,(anonymous_19)
FN:378,(anonymous_20)
FN:391,(anonymous_21)
FN:413,(anonymous_22)
FN:445,(anonymous_23)
FN:474,(anonymous_24)
FN:483,(anonymous_25)
FN:504,(anonymous_26)
FN:534,(anonymous_27)
FN:592,(anonymous_28)
FNF:29
FNH:21
FNDA:1,(anonymous_0)
FNDA:1,(anonymous_1)
FNDA:1694,(anonymous_2)
FNDA:200,(anonymous_3)
FNDA:200,(anonymous_4)
FNDA:11,(anonymous_5)
FNDA:1,(anonymous_6)
FNDA:10,(anonymous_7)
FNDA:15,(anonymous_8)
FNDA:15,(anonymous_9)
FNDA:15,(anonymous_10)
FNDA:15,(anonymous_11)
FNDA:0,(anonymous_12)
FNDA:0,(anonymous_13)
FNDA:1,(anonymous_14)
FNDA:0,(anonymous_15)
FNDA:0,(anonymous_16)
FNDA:0,(anonymous_17)
FNDA:1,(anonymous_18)
FNDA:11,(anonymous_19)
FNDA:26,(anonymous_20)
FNDA:0,(anonymous_21)
FNDA:0,(anonymous_22)
FNDA:1,(anonymous_23)
FNDA:1,(anonymous_24)
FNDA:1,(anonymous_25)
FNDA:0,(anonymous_26)
FNDA:1,(anonymous_27)
FNDA:1,(anonymous_28)
DA:10,6
DA:11,6
DA:12,6
DA:14,6
DA:26,1
DA:27,1
DA:28,1
DA:29,1
DA:30,1
DA:37,1
DA:40,1
DA:48,1
DA:51,1
DA:52,1
DA:54,1
DA:55,602
DA:57,602
DA:59,602
DA:60,3709
DA:61,3709
DA:63,3709
DA:68,1
DA:69,1694
DA:71,200
DA:74,1
DA:75,200
DA:76,200
DA:80,1
DA:81,1
DA:82,11
DA:83,11
DA:86,1
DA:88,1
DA:99,1
DA:102,1
DA:104,1
DA:105,15
DA:106,15
DA:108,15
DA:109,15
DA:110,3
DA:114,1
DA:117,1
DA:118,1
DA:120,1
DA:121,15
DA:122,15
DA:123,15
DA:124,15
DA:128,1
DA:129,10
DA:132,1
DA:135,1
DA:136,1
DA:145,1
DA:146,1
DA:147,5
DA:148,5
DA:149,5
DA:154,1
DA:157,1
DA:158,15
DA:161,15
DA:162,15
DA:163,1
DA:164,1
DA:166,1
DA:168,1
DA:175,0
DA:176,0
DA:178,0
DA:179,0
DA:182,0
DA:189,0
DA:190,0
DA:200,1
DA:201,1
DA:208,0
DA:211,0
DA:218,0
DA:220,0
DA:226,0
DA:228,0
DA:234,0
DA:240,0
DA:246,0
DA:248,0
DA:249,0
DA:251,0
DA:258,0
DA:261,0
DA:269,0
DA:271,0
DA:272,0
DA:275,0
DA:278,0
DA:279,0
DA:281,0
DA:282,0
DA:283,0
DA:284,0
DA:286,0
DA:287,0
DA:289,0
DA:293,0
DA:294,0
DA:298,0
DA:299,0
DA:302,0
DA:304,0
DA:305,0
DA:307,0
DA:308,0
DA:311,0
DA:312,0
DA:316,0
DA:322,0
DA:334,0
DA:335,0
DA:336,0
DA:337,0
DA:338,0
DA:339,0
DA:341,0
DA:342,0
DA:344,0
DA:356,1
DA:357,0
DA:361,1
DA:364,1
DA:365,1
DA:366,1
DA:369,1
DA:370,1
DA:373,1
DA:374,11
DA:378,26
DA:381,1
DA:392,0
DA:393,0
DA:398,0
DA:399,0
DA:402,0
DA:403,0
DA:404,0
DA:408,0
DA:410,0
DA:412,0
DA:413,0
DA:415,0
DA:421,0
DA:426,0
DA:431,0
DA:434,0
DA:435,0
DA:438,0
DA:439,0
DA:446,1
DA:447,1
DA:449,1
DA:451,1
DA:452,0
DA:456,1
DA:457,1
DA:458,1
DA:460,1
DA:465,1
DA:475,1
DA:476,1
DA:477,1
DA:484,1
DA:487,1
DA:490,1
DA:493,1
DA:494,1
DA:495,1
DA:497,0
DA:505,0
DA:506,0
DA:509,0
DA:512,0
DA:515,0
DA:516,0
DA:521,0
DA:526,0
DA:528,0
DA:536,1
DA:538,1
DA:539,1
DA:540,1
DA:542,0
DA:547,1
DA:550,1
DA:552,0
DA:558,1
DA:560,0
DA:567,1
DA:569,0
DA:573,1
DA:575,1
DA:581,0
DA:596,1
DA:602,1
DA:603,1
DA:605,1
DA:606,3
DA:607,3
DA:608,7
DA:609,105
DA:610,1
DA:615,3
DA:616,1
DA:617,1
DA:621,1
DA:632,6
LF:215
LH:123
BRDA:48,0,0,0
BRDA:48,0,1,1
BRDA:55,1,0,0
BRDA:55,1,1,602
BRDA:60,2,0,3709
BRDA:60,2,1,0
BRDA:61,3,0,0
BRDA:61,3,1,3709
BRDA:63,4,0,3709
BRDA:63,4,1,296
BRDA:104,5,0,1
BRDA:104,5,1,0
BRDA:105,6,0,15
BRDA:105,6,1,0
BRDA:106,7,0,0
BRDA:106,7,1,15
BRDA:109,8,0,3
BRDA:109,8,1,12
BRDA:110,9,0,3
BRDA:110,9,1,0
BRDA:120,10,0,1
BRDA:120,10,1,0
BRDA:121,11,0,15
BRDA:121,11,1,0
BRDA:122,12,0,15
BRDA:122,12,1,0
BRDA:129,13,0,10
BRDA:129,13,1,0
BRDA:145,14,0,1
BRDA:145,14,1,0
BRDA:148,15,0,5
BRDA:148,15,1,0
BRDA:157,16,0,1
BRDA:157,16,1,0
BRDA:158,17,0,15
BRDA:158,17,1,0
BRDA:158,18,0,15
BRDA:158,18,1,0
BRDA:161,19,0,15
BRDA:161,19,1,0
BRDA:162,20,0,15
BRDA:162,20,1,0
BRDA:178,21,0,0
BRDA:178,21,1,0
BRDA:190,22,0,0
BRDA:190,22,1,0
BRDA:257,23,0,0
BRDA:257,24,0,0
BRDA:269,25,0,0
BRDA:269,25,1,0
BRDA:271,26,0,0
BRDA:271,26,1,0
BRDA:293,27,0,0
BRDA:293,27,1,0
BRDA:311,28,0,0
BRDA:311,28,1,0
BRDA:356,29,0,0
BRDA:356,29,1,1
BRDA:391,30,0,0
BRDA:392,31,0,0
BRDA:392,31,1,0
BRDA:403,32,0,0
BRDA:403,32,1,0
BRDA:410,33,0,0
BRDA:410,33,1,0
BRDA:445,34,0,1
BRDA:451,35,0,0
BRDA:451,35,1,1
BRDA:504,36,0,0
BRDA:505,37,0,0
BRDA:505,37,1,0
BRDA:538,38,0,1
BRDA:538,38,1,0
BRDA:538,39,0,1
BRDA:538,39,1,1
BRDA:550,40,0,0
BRDA:550,40,1,1
BRDA:550,41,0,1
BRDA:550,41,1,1
BRDA:558,42,0,0
BRDA:558,42,1,1
BRDA:558,43,0,1
BRDA:558,43,1,1
BRDA:558,43,2,1
BRDA:567,44,0,0
BRDA:567,44,1,1
BRDA:567,45,0,1
BRDA:567,45,1,1
BRDA:573,46,0,1
BRDA:573,46,1,0
BRDA:608,47,0,7
BRDA:608,47,1,0
BRDA:609,48,0,1
BRDA:609,48,1,104
BRDA:609,49,0,105
BRDA:609,49,1,0
BRDA:615,50,0,1
BRDA:615,50,1,2
BRF:98
BRH:46
end_of_record
TN:
SF:services\cardCandidates.js
FN:5,tokenize
FN:8,(anonymous_1)
FN:12,jaccardTokens
FN:25,levenshtein
FN:54,levRatio
FN:63,cardDisplayName
FN:72,scoreName
FN:96,findCardCandidates
FN:128,(anonymous_8)
FNF:9
FNH:0
FNDA:0,tokenize
FNDA:0,(anonymous_1)
FNDA:0,jaccardTokens
FNDA:0,levenshtein
FNDA:0,levRatio
FNDA:0,cardDisplayName
FNDA:0,scoreName
FNDA:0,findCardCandidates
FNDA:0,(anonymous_8)
DA:3,0
DA:6,0
DA:8,0
DA:13,0
DA:14,0
DA:15,0
DA:16,0
DA:18,0
DA:19,0
DA:20,0
DA:21,0
DA:26,0
DA:27,0
DA:28,0
DA:29,0
DA:30,0
DA:32,0
DA:33,0
DA:34,0
DA:36,0
DA:38,0
DA:39,0
DA:40,0
DA:41,0
DA:42,0
DA:43,0
DA:49,0
DA:51,0
DA:55,0
DA:56,0
DA:57,0
DA:58,0
DA:59,0
DA:60,0
DA:64,0
DA:73,0
DA:75,0
DA:77,0
DA:78,0
DA:80,0
DA:83,0
DA:84,0
DA:87,0
DA:89,0
DA:90,0
DA:97,0
DA:98,0
DA:100,0
DA:101,0
DA:102,0
DA:104,0
DA:105,0
DA:106,0
DA:107,0
DA:109,0
DA:110,0
DA:112,0
DA:113,0
DA:114,0
DA:128,0
DA:129,0
DA:132,0
DA:133,0
DA:135,0
DA:136,0
DA:137,0
DA:138,0
DA:139,0
DA:143,0
DA:151,0
LF:70
LH:0
BRDA:6,0,0,0
BRDA:6,0,1,0
BRDA:15,1,0,0
BRDA:15,1,1,0
BRDA:15,2,0,0
BRDA:15,2,1,0
BRDA:16,3,0,0
BRDA:16,3,1,0
BRDA:16,4,0,0
BRDA:16,4,1,0
BRDA:19,5,0,0
BRDA:19,5,1,0
BRDA:21,6,0,0
BRDA:21,6,1,0
BRDA:26,7,0,0
BRDA:26,7,1,0
BRDA:27,8,0,0
BRDA:27,8,1,0
BRDA:28,9,0,0
BRDA:28,9,1,0
BRDA:29,10,0,0
BRDA:29,10,1,0
BRDA:30,11,0,0
BRDA:30,11,1,0
BRDA:42,12,0,0
BRDA:42,12,1,0
BRDA:55,13,0,0
BRDA:55,13,1,0
BRDA:56,14,0,0
BRDA:56,14,1,0
BRDA:58,15,0,0
BRDA:58,15,1,0
BRDA:65,16,0,0
BRDA:65,16,1,0
BRDA:65,16,2,0
BRDA:65,16,3,0
BRDA:66,17,0,0
BRDA:66,17,1,0
BRDA:66,18,0,0
BRDA:66,18,1,0
BRDA:73,19,0,0
BRDA:73,19,1,0
BRDA:75,20,0,0
BRDA:75,20,1,0
BRDA:83,21,0,0
BRDA:83,21,1,0
BRDA:83,22,0,0
BRDA:83,22,1,0
BRDA:84,23,0,0
BRDA:84,23,1,0
BRDA:84,24,0,0
BRDA:84,24,1,0
BRDA:87,25,0,0
BRDA:87,25,1,0
BRDA:87,26,0,0
BRDA:87,26,1,0
BRDA:89,27,0,0
BRDA:89,27,1,0
BRDA:96,28,0,0
BRDA:97,29,0,0
BRDA:97,29,1,0
BRDA:98,30,0,0
BRDA:98,30,1,0
BRDA:105,31,0,0
BRDA:105,31,1,0
BRDA:107,32,0,0
BRDA:107,32,1,0
BRDA:113,33,0,0
BRDA:113,33,1,0
BRDA:116,34,0,0
BRDA:116,34,1,0
BRDA:116,34,2,0
BRDA:116,34,3,0
BRDA:116,34,4,0
BRDA:116,34,5,0
BRDA:117,35,0,0
BRDA:117,35,1,0
BRDA:118,36,0,0
BRDA:118,36,1,0
BRDA:119,37,0,0
BRDA:119,37,1,0
BRDA:120,38,0,0
BRDA:120,38,1,0
BRDA:121,39,0,0
BRDA:121,39,1,0
BRDA:122,40,0,0
BRDA:122,40,1,0
BRDA:123,41,0,0
BRDA:123,41,1,0
BRDA:128,42,0,0
BRDA:128,42,1,0
BRDA:128,43,0,0
BRDA:128,43,1,0
BRDA:128,44,0,0
BRDA:128,44,1,0
BRDA:132,45,0,0
BRDA:132,45,1,0
BRDA:133,46,0,0
BRDA:133,46,1,0
BRDA:136,47,0,0
BRDA:136,47,1,0
BRDA:137,48,0,0
BRDA:137,48,1,0
BRDA:138,49,0,0
BRDA:138,49,1,0
BRDA:138,50,0,0
BRDA:138,50,1,0
BRDA:138,50,2,0
BRF:108
BRH:0
end_of_record
TN:
SF:services\cardIndex.js
FN:22,resolveCardsPath
FN:40,buildCardIndex
FN:56,getCardIndex
FN:91,getAllCards
FNF:4
FNH:2
FNDA:2,resolveCardsPath
FNDA:0,buildCardIndex
FNDA:0,getCardIndex
FNDA:2,getAllCards
DA:14,6
DA:15,6
DA:16,6
DA:18,6
DA:19,6
DA:20,6
DA:23,2
DA:32,2
DA:33,2
DA:34,2
DA:37,0
DA:41,0
DA:42,0
DA:43,0
DA:44,0
DA:45,0
DA:46,0
DA:47,0
DA:49,0
DA:57,0
DA:58,0
DA:60,0
DA:68,0
DA:69,0
DA:70,0
DA:72,0
DA:73,0
DA:74,0
DA:75,0
DA:77,0
DA:78,0
DA:79,0
DA:80,0
DA:82,0
DA:92,2
DA:93,2
DA:94,2
DA:95,2
DA:96,2
DA:97,2
DA:99,0
DA:103,6
LF:42
LH:17
BRDA:34,0,0,2
BRDA:34,0,1,0
BRDA:43,1,0,0
BRDA:43,1,1,0
BRDA:43,2,0,0
BRDA:43,2,1,0
BRDA:45,3,0,0
BRDA:45,3,1,0
BRDA:46,4,0,0
BRDA:46,4,1,0
BRDA:58,5,0,0
BRDA:58,5,1,0
BRDA:70,6,0,0
BRDA:70,6,1,0
BRDA:70,7,0,0
BRDA:70,7,1,0
BRDA:70,7,2,0
BRDA:74,8,0,0
BRDA:74,8,1,0
BRDA:74,9,0,0
BRDA:74,9,1,0
BRDA:93,10,0,0
BRDA:93,10,1,2
BRDA:97,11,0,2
BRDA:97,11,1,0
BRDA:97,12,0,0
BRDA:97,12,1,0
BRF:27
BRH:3
end_of_record
TN:
SF:services\dbPath.js
FN:11,dbPath
FN:20,resolveDbFile
FNF:2
FNH:0
FNDA:0,dbPath
FNDA:0,resolveDbFile
DA:4,0
DA:5,0
DA:12,0
DA:21,0
DA:22,0
DA:24,0
DA:25,0
DA:28,0
DA:31,0
LF:9
LH:0
BRDA:22,0,0,0
BRDA:22,0,1,0
BRDA:25,1,0,0
BRDA:25,1,1,0
BRF:4
BRH:0
end_of_record
TN:
SF:services\deckParser.js
FN:10,normalizeName
FN:22,toInt
FN:27,parseBool
FN:35,safeJsonRead
FN:44,resolveCardsDbPath
FN:51,computeDisplayName
FN:61,parseInks
FN:76,normalizeRawCard
FN:99,buildIndex
FN:103,prefer
FN:143,getCardsIndex
FN:165,parseDecklist
FN:168,(anonymous_12)
FN:189,curveBucket
FN:194,analyzeDeck
FN:250,(anonymous_15)
FNF:16
FNH:0
FNDA:0,normalizeName
FNDA:0,toInt
FNDA:0,parseBool
FNDA:0,safeJsonRead
FNDA:0,resolveCardsDbPath
FNDA:0,computeDisplayName
FNDA:0,parseInks
FNDA:0,normalizeRawCard
FNDA:0,buildIndex
FNDA:0,prefer
FNDA:0,getCardsIndex
FNDA:0,parseDecklist
FNDA:0,(anonymous_12)
FNDA:0,curveBucket
FNDA:0,analyzeDeck
FNDA:0,(anonymous_15)
DA:7,6
DA:8,6
DA:11,0
DA:12,0
DA:23,0
DA:24,0
DA:28,0
DA:29,0
DA:30,0
DA:31,0
DA:32,0
DA:36,0
DA:37,0
DA:38,0
DA:40,0
DA:45,0
DA:52,0
DA:53,0
DA:55,0
DA:56,0
DA:57,0
DA:58,0
DA:63,0
DA:71,0
DA:72,0
DA:73,0
DA:77,0
DA:78,0
DA:80,0
DA:100,0
DA:101,0
DA:104,0
DA:105,0
DA:106,0
DA:109,0
DA:110,0
DA:112,0
DA:113,0
DA:115,0
DA:117,0
DA:119,0
DA:120,0
DA:121,0
DA:123,0
DA:124,0
DA:125,0
DA:126,0
DA:128,0
DA:129,0
DA:131,0
DA:132,0
DA:133,0
DA:134,0
DA:138,0
DA:141,6
DA:144,0
DA:146,0
DA:147,0
DA:148,0
DA:153,0
DA:154,0
DA:155,0
DA:158,0
DA:159,0
DA:160,0
DA:162,0
DA:166,0
DA:168,0
DA:171,0
DA:172,0
DA:173,0
DA:174,0
DA:175,0
DA:176,0
DA:177,0
DA:179,0
DA:186,0
DA:190,0
DA:191,0
DA:195,0
DA:197,0
DA:198,0
DA:199,0
DA:201,0
DA:202,0
DA:203,0
DA:204,0
DA:206,0
DA:220,0
DA:222,0
DA:223,0
DA:225,0
DA:226,0
DA:227,0
DA:228,0
DA:233,0
DA:239,0
DA:242,0
DA:244,0
DA:245,0
DA:247,0
DA:249,0
DA:250,0
DA:252,0
DA:260,0
DA:262,0
DA:265,0
DA:273,0
DA:288,6
LF:109
LH:4
BRDA:11,0,0,0
BRDA:11,0,1,0
BRDA:22,1,0,0
BRDA:24,2,0,0
BRDA:24,2,1,0
BRDA:27,3,0,0
BRDA:28,4,0,0
BRDA:28,4,1,0
BRDA:28,5,0,0
BRDA:28,5,1,0
BRDA:30,6,0,0
BRDA:30,6,1,0
BRDA:31,7,0,0
BRDA:31,7,1,0
BRDA:46,8,0,0
BRDA:46,8,1,0
BRDA:52,9,0,0
BRDA:52,9,1,0
BRDA:52,9,2,0
BRDA:52,9,3,0
BRDA:53,10,0,0
BRDA:53,10,1,0
BRDA:55,11,0,0
BRDA:55,11,1,0
BRDA:55,11,2,0
BRDA:55,11,3,0
BRDA:55,11,4,0
BRDA:56,12,0,0
BRDA:56,12,1,0
BRDA:56,12,2,0
BRDA:56,12,3,0
BRDA:57,13,0,0
BRDA:57,13,1,0
BRDA:57,14,0,0
BRDA:57,14,1,0
BRDA:58,15,0,0
BRDA:58,15,1,0
BRDA:63,16,0,0
BRDA:63,16,1,0
BRDA:63,16,2,0
BRDA:63,16,3,0
BRDA:63,16,4,0
BRDA:63,16,5,0
BRDA:63,16,6,0
BRDA:71,17,0,0
BRDA:71,17,1,0
BRDA:72,18,0,0
BRDA:72,18,1,0
BRDA:78,19,0,0
BRDA:78,19,1,0
BRDA:78,19,2,0
BRDA:81,20,0,0
BRDA:81,20,1,0
BRDA:81,20,2,0
BRDA:81,20,3,0
BRDA:81,20,4,0
BRDA:82,21,0,0
BRDA:82,21,1,0
BRDA:85,22,0,0
BRDA:85,22,1,0
BRDA:87,23,0,0
BRDA:87,23,1,0
BRDA:87,23,2,0
BRDA:87,23,3,0
BRDA:88,24,0,0
BRDA:88,24,1,0
BRDA:88,24,2,0
BRDA:88,24,3,0
BRDA:89,25,0,0
BRDA:89,25,1,0
BRDA:90,26,0,0
BRDA:90,26,1,0
BRDA:90,26,2,0
BRDA:91,27,0,0
BRDA:91,27,1,0
BRDA:91,27,2,0
BRDA:91,27,3,0
BRDA:92,28,0,0
BRDA:92,28,1,0
BRDA:93,29,0,0
BRDA:93,29,1,0
BRDA:93,29,2,0
BRDA:93,29,3,0
BRDA:94,30,0,0
BRDA:94,30,1,0
BRDA:94,30,2,0
BRDA:94,30,3,0
BRDA:95,31,0,0
BRDA:95,31,1,0
BRDA:95,31,2,0
BRDA:106,32,0,0
BRDA:106,32,1,0
BRDA:112,33,0,0
BRDA:112,33,1,0
BRDA:113,34,0,0
BRDA:113,34,1,0
BRDA:117,35,0,0
BRDA:117,35,1,0
BRDA:119,36,0,0
BRDA:119,36,1,0
BRDA:120,37,0,0
BRDA:120,37,1,0
BRDA:121,38,0,0
BRDA:121,38,1,0
BRDA:121,38,2,0
BRDA:123,39,0,0
BRDA:123,39,1,0
BRDA:124,40,0,0
BRDA:124,40,1,0
BRDA:125,41,0,0
BRDA:125,41,1,0
BRDA:126,42,0,0
BRDA:126,42,1,0
BRDA:128,43,0,0
BRDA:128,43,1,0
BRDA:128,43,2,0
BRDA:129,44,0,0
BRDA:129,44,1,0
BRDA:129,45,0,0
BRDA:129,45,1,0
BRDA:132,46,0,0
BRDA:132,46,1,0
BRDA:133,47,0,0
BRDA:133,47,1,0
BRDA:143,48,0,0
BRDA:144,49,0,0
BRDA:144,49,1,0
BRDA:144,50,0,0
BRDA:144,50,1,0
BRDA:147,51,0,0
BRDA:147,51,1,0
BRDA:154,52,0,0
BRDA:154,52,1,0
BRDA:166,53,0,0
BRDA:166,53,1,0
BRDA:174,54,0,0
BRDA:174,54,1,0
BRDA:177,55,0,0
BRDA:177,55,1,0
BRDA:177,56,0,0
BRDA:177,56,1,0
BRDA:190,57,0,0
BRDA:190,57,1,0
BRDA:194,58,0,0
BRDA:226,59,0,0
BRDA:226,59,1,0
BRDA:245,60,0,0
BRDA:245,60,1,0
BRDA:247,61,0,0
BRDA:247,61,1,0
BRDA:249,62,0,0
BRDA:249,62,1,0
BRDA:250,63,0,0
BRDA:250,63,1,0
BRDA:250,64,0,0
BRDA:250,64,1,0
BRDA:260,65,0,0
BRDA:260,65,1,0
BRDA:265,66,0,0
BRDA:265,66,1,0
BRDA:267,67,0,0
BRDA:267,67,1,0
BRDA:267,68,0,0
BRDA:267,68,1,0
BRDA:269,69,0,0
BRDA:269,69,1,0
BRDA:269,70,0,0
BRDA:269,70,1,0
BRF:168
BRH:0
end_of_record
TN:
SF:services\email-service.js
FN:13,smtpCredentials
FN:20,isFullSmtpConfigured
FN:26,isResendConfigured
FN:30,isRenderRuntime
FN:34,smtpAllowedOnRender
FN:38,smtpTimeoutMs
FN:45,createTransporter
FN:64,resolveResendFrom
FN:84,buildVerificationLink
FN:93,sendWithResend
FN:118,getVerificationEmailTemplate
FN:168,getPasswordResetEmailTemplate
FN:182,attachDebugLink
FN:190,sendVerificationEmail
FN:304,sendPasswordResetEmail
FN:372,verifyEmailConfig
FN:396,logEmailBootstrap
FNF:17
FNH:6
FNDA:6,smtpCredentials
FNDA:6,isFullSmtpConfigured
FNDA:6,isResendConfigured
FNDA:6,isRenderRuntime
FNDA:6,smtpAllowedOnRender
FNDA:0,smtpTimeoutMs
FNDA:0,createTransporter
FNDA:0,resolveResendFrom
FNDA:0,buildVerificationLink
FNDA:0,sendWithResend
FNDA:0,getVerificationEmailTemplate
FNDA:0,getPasswordResetEmailTemplate
FNDA:0,attachDebugLink
FNDA:0,sendVerificationEmail
FNDA:0,sendPasswordResetEmail
FNDA:0,verifyEmailConfig
FNDA:6,logEmailBootstrap
DA:8,6
DA:10,6
DA:11,6
DA:14,6
DA:15,6
DA:16,6
DA:21,6
DA:22,6
DA:23,6
DA:27,6
DA:31,6
DA:35,6
DA:39,0
DA:46,0
DA:47,0
DA:48,0
DA:49,0
DA:50,0
DA:52,0
DA:66,0
DA:70,0
DA:71,0
DA:75,0
DA:77,0
DA:85,0
DA:86,0
DA:87,0
DA:89,0
DA:90,0
DA:94,0
DA:95,0
DA:97,0
DA:106,0
DA:107,0
DA:108,0
DA:109,0
DA:110,0
DA:111,0
DA:112,0
DA:113,0
DA:115,0
DA:119,0
DA:169,0
DA:183,0
DA:184,0
DA:191,0
DA:192,0
DA:193,0
DA:194,0
DA:196,0
DA:197,0
DA:198,0
DA:208,0
DA:209,0
DA:210,0
DA:211,0
DA:212,0
DA:218,0
DA:219,0
DA:220,0
DA:231,0
DA:232,0
DA:233,0
DA:237,0
DA:247,0
DA:255,0
DA:256,0
DA:257,0
DA:258,0
DA:259,0
DA:265,0
DA:267,0
DA:270,0
DA:281,0
DA:282,0
DA:283,0
DA:291,0
DA:292,0
DA:305,0
DA:306,0
DA:307,0
DA:308,0
DA:310,0
DA:311,0
DA:312,0
DA:315,0
DA:316,0
DA:317,0
DA:318,0
DA:320,0
DA:321,0
DA:322,0
DA:331,0
DA:332,0
DA:333,0
DA:341,0
DA:342,0
DA:343,0
DA:351,0
DA:352,0
DA:353,0
DA:360,0
DA:362,0
DA:363,0
DA:373,0
DA:374,0
DA:375,0
DA:377,0
DA:378,0
DA:379,0
DA:381,0
DA:382,0
DA:383,0
DA:385,0
DA:386,0
DA:387,0
DA:388,0
DA:389,0
DA:391,0
DA:392,0
DA:397,6
DA:398,0
DA:399,0
DA:400,0
DA:401,0
DA:405,0
DA:407,6
DA:408,0
DA:411,0
DA:413,6
DA:414,0
DA:417,0
DA:419,6
DA:426,6
LF:134
LH:17
BRDA:10,0,0,6
BRDA:10,0,1,0
BRDA:11,1,0,6
BRDA:11,1,1,0
BRDA:14,2,0,6
BRDA:14,2,1,0
BRDA:15,3,0,6
BRDA:15,3,1,0
BRDA:21,4,0,6
BRDA:21,4,1,0
BRDA:23,5,0,6
BRDA:23,5,1,6
BRDA:23,5,2,6
BRDA:27,6,0,6
BRDA:27,6,1,0
BRDA:31,7,0,6
BRDA:31,7,1,6
BRDA:35,8,0,6
BRDA:35,8,1,0
BRDA:35,9,0,0
BRDA:35,9,1,0
BRDA:41,10,0,0
BRDA:41,10,1,0
BRDA:41,11,0,0
BRDA:41,11,1,0
BRDA:47,12,0,0
BRDA:47,12,1,0
BRDA:49,13,0,0
BRDA:49,13,1,0
BRDA:59,14,0,0
BRDA:59,14,1,0
BRDA:59,15,0,0
BRDA:59,15,1,0
BRDA:66,16,0,0
BRDA:66,16,1,0
BRDA:66,16,2,0
BRDA:66,16,3,0
BRDA:71,17,0,0
BRDA:71,17,1,0
BRDA:72,18,0,0
BRDA:72,18,1,0
BRDA:72,18,2,0
BRDA:72,18,3,0
BRDA:85,19,0,0
BRDA:85,19,1,0
BRDA:85,19,2,0
BRDA:86,20,0,0
BRDA:86,20,1,0
BRDA:107,21,0,0
BRDA:107,21,1,0
BRDA:109,22,0,0
BRDA:109,22,1,0
BRDA:183,23,0,0
BRDA:183,23,1,0
BRDA:196,24,0,0
BRDA:196,24,1,0
BRDA:208,25,0,0
BRDA:208,25,1,0
BRDA:218,26,0,0
BRDA:218,26,1,0
BRDA:218,26,2,0
BRDA:231,27,0,0
BRDA:231,27,1,0
BRDA:232,28,0,0
BRDA:232,28,1,0
BRDA:265,29,0,0
BRDA:265,29,1,0
BRDA:267,30,0,0
BRDA:267,30,1,0
BRDA:267,31,0,0
BRDA:267,31,1,0
BRDA:274,32,0,0
BRDA:274,32,1,0
BRDA:274,32,2,0
BRDA:281,33,0,0
BRDA:281,33,1,0
BRDA:310,34,0,0
BRDA:310,34,1,0
BRDA:315,35,0,0
BRDA:315,35,1,0
BRDA:320,36,0,0
BRDA:320,36,1,0
BRDA:320,36,2,0
BRDA:331,37,0,0
BRDA:331,37,1,0
BRDA:341,38,0,0
BRDA:341,38,1,0
BRDA:367,39,0,0
BRDA:367,39,1,0
BRDA:367,39,2,0
BRDA:373,40,0,0
BRDA:373,40,1,0
BRDA:377,41,0,0
BRDA:377,41,1,0
BRDA:381,42,0,0
BRDA:381,42,1,0
BRDA:397,43,0,0
BRDA:397,43,1,6
BRDA:400,44,0,0
BRDA:400,44,1,0
BRDA:400,45,0,0
BRDA:400,45,1,0
BRDA:407,46,0,0
BRDA:407,46,1,6
BRDA:413,47,0,0
BRDA:413,47,1,6
BRF:106
BRH:15
end_of_record
TN:
SF:services\logger.js
FN:4,nowIso
FN:8,base
FN:16,emit
FN:23,makeLogger
FN:30,ok
FN:35,(anonymous_5)
FN:36,(anonymous_6)
FN:37,(anonymous_7)
FN:38,(anonymous_8)
FNF:9
FNH:0
FNDA:0,nowIso
FNDA:0,base
FNDA:0,emit
FNDA:0,makeLogger
FNDA:0,ok
FNDA:0,(anonymous_5)
FNDA:0,(anonymous_6)
FNDA:0,(anonymous_7)
FNDA:0,(anonymous_8)
DA:5,0
DA:9,0
DA:17,0
DA:19,0
DA:20,0
DA:24,0
DA:25,0
DA:27,0
DA:28,0
DA:31,0
DA:34,0
DA:35,0
DA:36,0
DA:37,0
DA:38,0
DA:42,0
LF:16
LH:0
BRDA:19,0,0,0
BRDA:19,0,1,0
BRDA:19,1,0,0
BRDA:19,1,1,0
BRDA:23,2,0,0
BRDA:24,3,0,0
BRDA:24,3,1,0
BRDA:24,3,2,0
BRDA:25,4,0,0
BRDA:25,4,1,0
BRDA:28,5,0,0
BRDA:28,5,1,0
BRDA:31,6,0,0
BRDA:31,6,1,0
BRDA:31,7,0,0
BRDA:31,7,1,0
BRDA:35,8,0,0
BRDA:35,9,0,0
BRDA:35,9,1,0
BRDA:36,10,0,0
BRDA:36,11,0,0
BRDA:36,11,1,0
BRDA:37,12,0,0
BRDA:37,13,0,0
BRDA:37,13,1,0
BRDA:38,14,0,0
BRDA:38,15,0,0
BRDA:38,15,1,0
BRF:28
BRH:0
end_of_record
TN:
SF:services\lorcanaApi.js
FN:3,getAllCards
FN:20,(anonymous_1)
FNF:2
FNH:0
FNDA:0,getAllCards
FNDA:0,(anonymous_1)
DA:1,0
DA:4,0
DA:5,0
DA:8,0
DA:10,0
DA:14,0
DA:15,0
DA:18,0
DA:20,0
DA:27,0
DA:28,0
DA:31,0
LF:12
LH:0
BRDA:4,0,0,0
BRDA:4,0,1,0
BRDA:14,1,0,0
BRDA:14,1,1,0
BRF:4
BRH:0
end_of_record
TN:
SF:services\lorcast-api.js
FN:22,(anonymous_0)
FN:26,(anonymous_1)
FN:31,(anonymous_2)
FN:42,(anonymous_3)
FN:49,(anonymous_4)
FN:77,(anonymous_5)
FN:96,(anonymous_6)
FN:115,(anonymous_7)
FNF:8
FNH:4
FNDA:6,(anonymous_0)
FNDA:1,(anonymous_1)
FNDA:0,(anonymous_2)
FNDA:1,(anonymous_3)
FNDA:1,(anonymous_4)
FNDA:0,(anonymous_5)
FNDA:0,(anonymous_6)
FNDA:0,(anonymous_7)
DA:8,6
DA:9,6
DA:11,0
DA:12,0
DA:14,0
DA:18,6
DA:19,6
DA:23,6
DA:27,1
DA:28,1
DA:30,1
DA:31,0
DA:34,1
DA:43,1
DA:44,0
DA:46,1
DA:50,1
DA:53,1
DA:55,1
DA:57,1
DA:58,1
DA:59,1
DA:61,1
DA:63,1
DA:64,0
DA:67,1
DA:68,1
DA:70,1
DA:73,1
DA:74,0
DA:75,0
DA:76,0
DA:77,0
DA:78,0
DA:81,0
DA:82,0
DA:83,0
DA:88,1
DA:91,0
DA:92,0
DA:97,0
DA:99,0
DA:100,0
DA:102,0
DA:103,0
DA:106,0
DA:107,0
DA:110,0
DA:111,0
DA:116,0
DA:118,0
DA:119,0
DA:121,0
DA:122,0
DA:125,0
DA:128,0
DA:129,0
DA:134,6
LF:58
LH:25
BRDA:8,0,0,6
BRDA:8,0,1,0
BRDA:30,1,0,0
BRDA:30,1,1,1
BRDA:43,2,0,0
BRDA:43,2,1,1
BRDA:63,3,0,0
BRDA:63,3,1,1
BRDA:68,4,0,1
BRDA:68,4,1,0
BRDA:73,5,0,0
BRDA:73,5,1,1
BRDA:73,6,0,1
BRDA:73,6,1,0
BRDA:75,7,0,0
BRDA:75,7,1,0
BRDA:81,8,0,0
BRDA:81,8,1,0
BRDA:102,9,0,0
BRDA:102,9,1,0
BRDA:107,10,0,0
BRDA:107,10,1,0
BRDA:121,11,0,0
BRDA:121,11,1,0
BRF:24
BRH:7
end_of_record
TN:
SF:services\matchup-service.js
FN:25,extractMatchupMatrix
FN:31,(anonymous_1)
FN:40,(anonymous_2)
FN:61,(anonymous_3)
FN:69,(anonymous_4)
FN:81,(anonymous_5)
FN:120,identifyArchetype
FN:179,(anonymous_7)
FN:199,findMatchups
FN:204,(anonymous_9)
FN:211,(anonymous_10)
FN:218,(anonymous_11)
FN:253,(anonymous_12)
FN:261,(anonymous_13)
FN:262,(anonymous_14)
FN:263,(anonymous_15)
FN:274,generateMulliganSuggestions
FN:359,analyzeMatchupsEndpoint
FN:410,(anonymous_18)
FN:411,(anonymous_19)
FN:423,(anonymous_20)
FN:425,(anonymous_21)
FN:461,getMetaArchetypes
FNF:23
FNH:0
FNDA:0,extractMatchupMatrix
FNDA:0,(anonymous_1)
FNDA:0,(anonymous_2)
FNDA:0,(anonymous_3)
FNDA:0,(anonymous_4)
FNDA:0,(anonymous_5)
FNDA:0,identifyArchetype
FNDA:0,(anonymous_7)
FNDA:0,findMatchups
FNDA:0,(anonymous_9)
FNDA:0,(anonymous_10)
FNDA:0,(anonymous_11)
FNDA:0,(anonymous_12)
FNDA:0,(anonymous_13)
FNDA:0,(anonymous_14)
FNDA:0,(anonymous_15)
FNDA:0,generateMulliganSuggestions
FNDA:0,analyzeMatchupsEndpoint
FNDA:0,(anonymous_18)
FNDA:0,(anonymous_19)
FNDA:0,(anonymous_20)
FNDA:0,(anonymous_21)
FNDA:0,getMetaArchetypes
DA:19,0
DA:20,0
DA:26,0
DA:27,0
DA:30,0
DA:31,0
DA:32,0
DA:34,0
DA:35,0
DA:37,0
DA:39,0
DA:40,0
DA:41,0
DA:42,0
DA:43,0
DA:44,0
DA:45,0
DA:49,0
DA:56,0
DA:59,0
DA:61,0
DA:62,0
DA:63,0
DA:65,0
DA:68,0
DA:69,0
DA:70,0
DA:71,0
DA:72,0
DA:73,0
DA:74,0
DA:79,0
DA:81,0
DA:82,0
DA:83,0
DA:84,0
DA:85,0
DA:86,0
DA:88,0
DA:90,0
DA:91,0
DA:93,0
DA:94,0
DA:98,0
DA:105,0
DA:107,0
DA:122,0
DA:125,0
DA:153,0
DA:155,0
DA:156,0
DA:157,0
DA:158,0
DA:159,0
DA:160,0
DA:164,0
DA:168,0
DA:169,0
DA:171,0
DA:172,0
DA:173,0
DA:174,0
DA:179,0
DA:180,0
DA:184,0
DA:201,0
DA:204,0
DA:205,0
DA:210,0
DA:211,0
DA:212,0
DA:217,0
DA:218,0
DA:219,0
DA:223,0
DA:224,0
DA:233,0
DA:235,0
DA:236,0
DA:238,0
DA:239,0
DA:253,0
DA:255,0
DA:261,0
DA:262,0
DA:263,0
DA:275,0
DA:286,0
DA:287,0
DA:288,0
DA:289,0
DA:290,0
DA:291,0
DA:292,0
DA:293,0
DA:294,0
DA:296,0
DA:297,0
DA:301,0
DA:302,0
DA:303,0
DA:306,0
DA:307,0
DA:314,0
DA:315,0
DA:316,0
DA:325,0
DA:326,0
DA:327,0
DA:336,0
DA:337,0
DA:345,0
DA:346,0
DA:347,0
DA:349,0
DA:360,0
DA:361,0
DA:363,0
DA:364,0
DA:372,0
DA:375,0
DA:376,0
DA:379,0
DA:380,0
DA:381,0
DA:385,0
DA:388,0
DA:395,0
DA:397,0
DA:398,0
DA:407,0
DA:410,0
DA:411,0
DA:412,0
DA:415,0
DA:423,0
DA:424,0
DA:425,0
DA:428,0
DA:452,0
DA:453,0
DA:462,0
DA:463,0
DA:468,0
DA:475,0
DA:476,0
DA:483,0
LF:147
LH:0
BRDA:32,0,0,0
BRDA:32,0,1,0
BRDA:32,1,0,0
BRDA:32,1,1,0
BRDA:37,2,0,0
BRDA:37,2,1,0
BRDA:43,3,0,0
BRDA:43,3,1,0
BRDA:65,4,0,0
BRDA:65,4,1,0
BRDA:72,5,0,0
BRDA:72,5,1,0
BRDA:83,6,0,0
BRDA:83,6,1,0
BRDA:86,7,0,0
BRDA:86,7,1,0
BRDA:88,8,0,0
BRDA:88,8,1,0
BRDA:91,9,0,0
BRDA:91,9,1,0
BRDA:159,10,0,0
BRDA:159,10,1,0
BRDA:172,11,0,0
BRDA:172,11,1,0
BRDA:180,12,0,0
BRDA:180,12,1,0
BRDA:205,13,0,0
BRDA:205,13,1,0
BRDA:210,14,0,0
BRDA:210,14,1,0
BRDA:217,15,0,0
BRDA:217,15,1,0
BRDA:223,16,0,0
BRDA:223,16,1,0
BRDA:236,17,0,0
BRDA:236,17,1,0
BRDA:238,18,0,0
BRDA:238,18,1,0
BRDA:245,19,0,0
BRDA:245,19,1,0
BRDA:246,20,0,0
BRDA:246,20,1,0
BRDA:247,21,0,0
BRDA:247,21,1,0
BRDA:262,22,0,0
BRDA:262,22,1,0
BRDA:286,23,0,0
BRDA:286,23,1,0
BRDA:289,24,0,0
BRDA:289,24,1,0
BRDA:292,25,0,0
BRDA:292,25,1,0
BRDA:303,26,0,0
BRDA:303,26,1,0
BRDA:306,27,0,0
BRDA:306,27,1,0
BRDA:306,28,0,0
BRDA:306,28,1,0
BRDA:306,28,2,0
BRDA:314,29,0,0
BRDA:314,29,1,0
BRDA:315,30,0,0
BRDA:315,30,1,0
BRDA:315,31,0,0
BRDA:315,31,1,0
BRDA:315,31,2,0
BRDA:325,32,0,0
BRDA:325,32,1,0
BRDA:326,33,0,0
BRDA:326,33,1,0
BRDA:326,34,0,0
BRDA:326,34,1,0
BRDA:336,35,0,0
BRDA:336,35,1,0
BRDA:336,36,0,0
BRDA:336,36,1,0
BRDA:363,37,0,0
BRDA:363,37,1,0
BRDA:363,38,0,0
BRDA:363,38,1,0
BRDA:375,39,0,0
BRDA:375,39,1,0
BRDA:397,40,0,0
BRDA:397,40,1,0
BRDA:417,41,0,0
BRDA:417,41,1,0
BRDA:418,42,0,0
BRDA:418,42,1,0
BRDA:424,43,0,0
BRDA:424,43,1,0
BRDA:475,44,0,0
BRDA:475,44,1,0
BRDA:476,45,0,0
BRDA:476,45,1,0
BRF:94
BRH:0
end_of_record
TN:
SF:services\meta-analyzer-FIXED.js
FN:14,(anonymous_0)
FN:28,(anonymous_1)
FN:46,(anonymous_2)
FN:50,(anonymous_3)
FN:62,(anonymous_4)
FN:66,(anonymous_5)
FN:104,(anonymous_6)
FN:114,(anonymous_7)
FN:138,(anonymous_8)
FN:139,(anonymous_9)
FN:143,(anonymous_10)
FN:162,(anonymous_11)
FN:168,(anonymous_12)
FN:183,(anonymous_13)
FN:203,(anonymous_14)
FN:327,(anonymous_15)
FN:344,(anonymous_16)
FN:416,(anonymous_17)
FN:420,(anonymous_18)
FNF:19
FNH:0
FNDA:0,(anonymous_0)
FNDA:0,(anonymous_1)
FNDA:0,(anonymous_2)
FNDA:0,(anonymous_3)
FNDA:0,(anonymous_4)
FNDA:0,(anonymous_5)
FNDA:0,(anonymous_6)
FNDA:0,(anonymous_7)
FNDA:0,(anonymous_8)
FNDA:0,(anonymous_9)
FNDA:0,(anonymous_10)
FNDA:0,(anonymous_11)
FNDA:0,(anonymous_12)
FNDA:0,(anonymous_13)
FNDA:0,(anonymous_14)
FNDA:0,(anonymous_15)
FNDA:0,(anonymous_16)
FNDA:0,(anonymous_17)
FNDA:0,(anonymous_18)
DA:11,0
DA:15,0
DA:16,0
DA:19,0
DA:30,0
DA:31,0
DA:34,0
DA:36,0
DA:47,0
DA:51,0
DA:57,0
DA:58,0
DA:63,0
DA:67,0
DA:68,0
DA:74,0
DA:76,0
DA:77,0
DA:78,0
DA:79,0
DA:82,0
DA:83,0
DA:84,0
DA:85,0
DA:86,0
DA:88,0
DA:90,0
DA:94,0
DA:104,0
DA:107,0
DA:115,0
DA:118,0
DA:123,0
DA:126,0
DA:132,0
DA:134,0
DA:137,0
DA:138,0
DA:139,0
DA:142,0
DA:143,0
DA:147,0
DA:149,0
DA:163,0
DA:164,0
DA:169,0
DA:175,0
DA:176,0
DA:184,0
DA:187,0
DA:194,0
DA:197,0
DA:201,0
DA:203,0
DA:206,0
DA:207,0
DA:209,0
DA:210,0
DA:211,0
DA:212,0
DA:224,0
DA:225,0
DA:227,0
DA:228,0
DA:229,0
DA:230,0
DA:231,0
DA:232,0
DA:233,0
DA:236,0
DA:237,0
DA:238,0
DA:243,0
DA:244,0
DA:246,0
DA:247,0
DA:250,0
DA:252,0
DA:253,0
DA:257,0
DA:259,0
DA:262,0
DA:267,0
DA:273,0
DA:278,0
DA:279,0
DA:282,0
DA:287,0
DA:288,0
DA:289,0
DA:290,0
DA:291,0
DA:293,0
DA:296,0
DA:318,0
DA:322,0
DA:324,0
DA:328,0
DA:330,0
DA:336,0
DA:339,0
DA:343,0
DA:344,0
DA:346,0
DA:347,0
DA:349,0
DA:350,0
DA:353,0
DA:354,0
DA:355,0
DA:356,0
DA:358,0
DA:360,0
DA:361,0
DA:363,0
DA:364,0
DA:366,0
DA:367,0
DA:368,0
DA:373,0
DA:374,0
DA:376,0
DA:377,0
DA:378,0
DA:380,0
DA:381,0
DA:384,0
DA:388,0
DA:405,0
DA:407,0
DA:411,0
DA:413,0
DA:417,0
DA:419,0
DA:420,0
DA:430,0
DA:431,0
DA:433,0
DA:442,0
DA:443,0
DA:445,0
DA:446,0
DA:448,0
DA:449,0
DA:451,0
DA:457,0
DA:458,0
DA:460,0
DA:461,0
DA:462,0
DA:465,0
DA:469,0
DA:470,0
DA:474,0
DA:478,0
DA:482,0
LF:156
LH:0
BRDA:15,0,0,0
BRDA:15,0,1,0
BRDA:15,1,0,0
BRDA:15,1,1,0
BRDA:28,2,0,0
BRDA:46,3,0,0
BRDA:50,4,0,0
BRDA:57,5,0,0
BRDA:57,5,1,0
BRDA:58,6,0,0
BRDA:58,6,1,0
BRDA:62,7,0,0
BRDA:66,8,0,0
BRDA:74,9,0,0
BRDA:74,9,1,0
BRDA:77,10,0,0
BRDA:77,10,1,0
BRDA:78,11,0,0
BRDA:78,11,1,0
BRDA:84,12,0,0
BRDA:84,12,1,0
BRDA:88,13,0,0
BRDA:88,13,1,0
BRDA:88,14,0,0
BRDA:88,14,1,0
BRDA:90,15,0,0
BRDA:90,15,1,0
BRDA:91,16,0,0
BRDA:91,16,1,0
BRDA:114,17,0,0
BRDA:123,18,0,0
BRDA:123,18,1,0
BRDA:132,19,0,0
BRDA:132,19,1,0
BRDA:134,20,0,0
BRDA:134,20,1,0
BRDA:137,21,0,0
BRDA:137,21,1,0
BRDA:138,22,0,0
BRDA:138,22,1,0
BRDA:142,23,0,0
BRDA:142,23,1,0
BRDA:147,24,0,0
BRDA:147,24,1,0
BRDA:151,25,0,0
BRDA:151,25,1,0
BRDA:156,26,0,0
BRDA:156,26,1,0
BRDA:162,27,0,0
BRDA:168,28,0,0
BRDA:175,29,0,0
BRDA:175,29,1,0
BRDA:176,30,0,0
BRDA:176,30,1,0
BRDA:183,31,0,0
BRDA:194,32,0,0
BRDA:194,32,1,0
BRDA:201,33,0,0
BRDA:201,33,1,0
BRDA:203,34,0,0
BRDA:203,34,1,0
BRDA:210,35,0,0
BRDA:210,35,1,0
BRDA:211,36,0,0
BRDA:211,36,1,0
BRDA:227,37,0,0
BRDA:227,37,1,0
BRDA:228,38,0,0
BRDA:228,38,1,0
BRDA:229,39,0,0
BRDA:229,39,1,0
BRDA:230,40,0,0
BRDA:230,40,1,0
BRDA:231,41,0,0
BRDA:231,41,1,0
BRDA:236,42,0,0
BRDA:236,42,1,0
BRDA:236,43,0,0
BRDA:236,43,1,0
BRDA:238,44,0,0
BRDA:238,44,1,0
BRDA:250,45,0,0
BRDA:250,45,1,0
BRDA:252,46,0,0
BRDA:252,46,1,0
BRDA:253,47,0,0
BRDA:253,47,1,0
BRDA:257,48,0,0
BRDA:257,48,1,0
BRDA:257,49,0,0
BRDA:257,49,1,0
BRDA:273,50,0,0
BRDA:273,50,1,0
BRDA:274,51,0,0
BRDA:274,51,1,0
BRDA:275,52,0,0
BRDA:275,52,1,0
BRDA:276,53,0,0
BRDA:276,53,1,0
BRDA:279,54,0,0
BRDA:279,54,1,0
BRDA:282,55,0,0
BRDA:282,55,1,0
BRDA:283,56,0,0
BRDA:283,56,1,0
BRDA:288,57,0,0
BRDA:288,57,1,0
BRDA:291,58,0,0
BRDA:291,58,1,0
BRDA:293,59,0,0
BRDA:293,59,1,0
BRDA:322,60,0,0
BRDA:322,60,1,0
BRDA:327,61,0,0
BRDA:336,62,0,0
BRDA:336,62,1,0
BRDA:343,63,0,0
BRDA:343,63,1,0
BRDA:344,64,0,0
BRDA:344,64,1,0
BRDA:350,65,0,0
BRDA:350,65,1,0
BRDA:350,66,0,0
BRDA:350,66,1,0
BRDA:355,67,0,0
BRDA:355,67,1,0
BRDA:356,68,0,0
BRDA:356,68,1,0
BRDA:358,69,0,0
BRDA:358,69,1,0
BRDA:358,70,0,0
BRDA:358,70,1,0
BRDA:360,71,0,0
BRDA:360,71,1,0
BRDA:366,72,0,0
BRDA:366,72,1,0
BRDA:378,73,0,0
BRDA:378,73,1,0
BRDA:381,74,0,0
BRDA:381,74,1,0
BRDA:384,75,0,0
BRDA:384,75,1,0
BRDA:385,76,0,0
BRDA:385,76,1,0
BRDA:405,77,0,0
BRDA:405,77,1,0
BRDA:411,78,0,0
BRDA:411,78,1,0
BRDA:417,79,0,0
BRDA:417,79,1,0
BRDA:417,80,0,0
BRDA:417,80,1,0
BRDA:426,81,0,0
BRDA:426,81,1,0
BRDA:431,82,0,0
BRDA:431,82,1,0
BRDA:457,83,0,0
BRDA:457,83,1,0
BRDA:458,84,0,0
BRDA:458,84,1,0
BRDA:458,85,0,0
BRDA:458,85,1,0
BRDA:461,86,0,0
BRDA:461,86,1,0
[...]
BRDA:108,16,1,0
BRDA:111,17,0,0
BRDA:111,17,1,0
BRDA:111,18,0,0
BRDA:111,18,1,0
BRF:39
BRH:0
end_of_record
TN:
SF:services\scrapers\melee-scraper.js
FN:34,getRandomUserAgent
FN:38,delay
FN:39,(anonymous_2)
FN:42,respectRateLimit
FN:56,httpsGetWithUA
FN:57,(anonymous_5)
FN:74,(anonymous_6)
FN:77,(anonymous_7)
FN:78,(anonymous_8)
FN:88,(anonymous_9)
FN:95,fetchWithRetry
FN:116,extractTournaments
FN:135,extractDecklists
FN:170,scrapeLorcanaTournaments
FN:205,scrapeTournamentDecklists
FN:225,scrapeAll
FN:271,saveScrapedData
FN:286,main
FNF:18
FNH:0
FNDA:0,getRandomUserAgent
FNDA:0,delay
FNDA:0,(anonymous_2)
FNDA:0,respectRateLimit
FNDA:0,httpsGetWithUA
FNDA:0,(anonymous_5)
FNDA:0,(anonymous_6)
FNDA:0,(anonymous_7)
FNDA:0,(anonymous_8)
FNDA:0,(anonymous_9)
FNDA:0,fetchWithRetry
FNDA:0,extractTournaments
FNDA:0,extractDecklists
FNDA:0,scrapeLorcanaTournaments
FNDA:0,scrapeTournamentDecklists
FNDA:0,scrapeAll
FNDA:0,saveScrapedData
FNDA:0,main
DA:10,0
DA:11,0
DA:13,0
DA:21,0
DA:29,0
DA:30,0
DA:35,0
DA:39,0
DA:43,0
DA:44,0
DA:46,0
DA:47,0
DA:48,0
DA:49,0
DA:52,0
DA:53,0
DA:57,0
DA:58,0
DA:60,0
DA:74,0
DA:75,0
DA:77,0
DA:78,0
DA:79,0
DA:80,0
DA:82,0
DA:87,0
DA:88,0
DA:89,0
DA:90,0
DA:96,0
DA:97,0
DA:98,0
DA:99,0
DA:100,0
DA:102,0
DA:103,0
DA:104,0
DA:105,0
DA:106,0
DA:108,0
DA:120,0
DA:123,0
DA:126,0
DA:127,0
DA:128,0
DA:129,0
DA:132,0
DA:139,0
DA:143,0
DA:144,0
DA:146,0
DA:148,0
DA:149,0
DA:151,0
DA:152,0
DA:160,0
DA:171,0
DA:173,0
DA:175,0
DA:177,0
DA:178,0
DA:179,0
DA:180,0
DA:182,0
DA:183,0
DA:185,0
DA:187,0
DA:188,0
DA:189,0
DA:192,0
DA:196,0
DA:197,0
DA:206,0
DA:208,0
DA:209,0
DA:210,0
DA:212,0
DA:213,0
DA:215,0
DA:216,0
DA:226,0
DA:228,0
DA:229,0
DA:230,0
DA:233,0
DA:236,0
DA:237,0
DA:239,0
DA:240,0
DA:241,0
DA:243,0
DA:245,0
DA:246,0
DA:255,0
DA:257,0
DA:272,0
DA:273,0
DA:275,0
DA:276,0
DA:277,0
DA:280,0
DA:281,0
DA:287,0
DA:288,0
DA:290,0
DA:291,0
DA:293,0
DA:294,0
DA:296,0
DA:297,0
DA:298,0
DA:299,0
DA:303,0
DA:304,0
DA:305,0
DA:306,0
DA:310,0
DA:311,0
DA:312,0
DA:313,0
DA:315,0
DA:316,0
DA:317,0
DA:321,0
DA:322,0
DA:323,0
DA:326,0
DA:327,0
DA:328,0
DA:333,0
DA:334,0
DA:339,0
LF:133
LH:0
BRDA:46,0,0,0
BRDA:46,0,1,0
BRDA:79,1,0,0
BRDA:79,1,1,0
BRDA:79,2,0,0
BRDA:79,2,1,0
BRDA:95,3,0,0
BRDA:103,4,0,0
BRDA:103,4,1,0
BRDA:144,5,0,0
BRDA:144,5,1,0
BRDA:151,6,0,0
BRDA:151,6,1,0
BRDA:151,7,0,0
BRDA:151,7,1,0
BRDA:170,8,0,0
BRDA:171,9,0,0
BRDA:187,10,0,0
BRDA:187,10,1,0
BRDA:225,11,0,0
BRDA:226,12,0,0
BRDA:226,13,0,0
BRDA:276,14,0,0
BRDA:276,14,1,0
BRDA:288,15,0,0
BRDA:288,15,1,0
BRDA:291,16,0,0
BRDA:291,16,1,0
BRDA:291,16,2,0
BRDA:291,16,3,0
BRDA:293,17,0,0
BRDA:293,17,1,0
BRDA:294,18,0,0
BRDA:294,18,1,0
BRDA:303,19,0,0
BRDA:303,19,1,0
BRDA:311,20,0,0
BRDA:311,20,1,0
BRDA:333,21,0,0
BRDA:333,21,1,0
BRF:40
BRH:0
end_of_record
TN:
SF:services\scrapers\migrate-to-supabase.js
FN:26,migrateCards
FN:52,(anonymous_1)
FN:90,migrateDecks
FN:147,(anonymous_3)
FN:178,verifyMigration
FN:229,main
FNF:6
FNH:0
FNDA:0,migrateCards
FNDA:0,(anonymous_1)
FNDA:0,migrateDecks
FNDA:0,(anonymous_3)
FNDA:0,verifyMigration
FNDA:0,main
DA:6,0
DA:7,0
DA:8,0
DA:14,0
DA:15,0
DA:17,0
DA:27,0
DA:28,0
DA:29,0
DA:31,0
DA:33,0
DA:34,0
DA:35,0
DA:38,0
DA:40,0
DA:43,0
DA:44,0
DA:45,0
DA:47,0
DA:48,0
DA:50,0
DA:52,0
DA:73,0
DA:74,0
DA:75,0
DA:77,0
DA:78,0
DA:82,0
DA:83,0
DA:84,0
DA:91,0
DA:92,0
DA:93,0
DA:95,0
DA:97,0
DA:98,0
DA:99,0
DA:102,0
DA:103,0
DA:105,0
DA:108,0
DA:110,0
DA:111,0
DA:112,0
DA:122,0
DA:125,0
DA:126,0
DA:130,0
DA:131,0
DA:133,0
DA:137,0
DA:138,0
DA:139,0
DA:140,0
DA:142,0
DA:143,0
DA:145,0
DA:147,0
DA:161,0
DA:162,0
DA:163,0
DA:165,0
DA:166,0
DA:170,0
DA:171,0
DA:172,0
DA:179,0
DA:180,0
DA:181,0
DA:184,0
DA:188,0
DA:189,0
DA:193,0
DA:197,0
DA:198,0
DA:202,0
DA:206,0
DA:207,0
DA:211,0
DA:216,0
DA:217,0
DA:218,0
DA:219,0
DA:220,0
DA:221,0
DA:230,0
DA:231,0
DA:232,0
DA:234,0
DA:235,0
DA:236,0
DA:237,0
DA:239,0
DA:240,0
DA:241,0
DA:244,0
DA:245,0
DA:246,0
DA:251,0
DA:252,0
DA:255,0
LF:101
LH:0
BRDA:14,0,0,0
BRDA:14,0,1,0
BRDA:15,1,0,0
BRDA:15,1,1,0
BRDA:33,2,0,0
BRDA:33,2,1,0
BRDA:73,3,0,0
BRDA:73,3,1,0
BRDA:97,4,0,0
BRDA:97,4,1,0
BRDA:103,5,0,0
BRDA:103,5,1,0
BRDA:111,6,0,0
BRDA:111,6,1,0
BRDA:111,7,0,0
BRDA:111,7,1,0
BRDA:130,8,0,0
BRDA:130,8,1,0
BRDA:161,9,0,0
BRDA:161,9,1,0
BRDA:188,10,0,0
BRDA:188,10,1,0
BRDA:197,11,0,0
BRDA:197,11,1,0
BRDA:206,12,0,0
BRDA:206,12,1,0
BRDA:216,13,0,0
BRDA:216,13,1,0
BRDA:216,14,0,0
BRDA:216,14,1,0
BRDA:251,15,0,0
BRDA:251,15,1,0
BRF:32
BRH:0
end_of_record
TN:
SF:services\scrapers\multi-source-collector.js
FN:33,ensureDir
FN:40,delay
FN:41,(anonymous_2)
FN:49,updateCardDatabase
FN:90,collectInkdecks
FN:125,collectMelee
FN:159,aggregateAndDeduplicate
FN:193,runFullCollection
FN:256,(anonymous_8)
FN:277,main
FNF:10
FNH:0
FNDA:0,ensureDir
FNDA:0,delay
FNDA:0,(anonymous_2)
FNDA:0,updateCardDatabase
FNDA:0,collectInkdecks
FNDA:0,collectMelee
FNDA:0,aggregateAndDeduplicate
FNDA:0,runFullCollection
FNDA:0,(anonymous_8)
FNDA:0,main
DA:10,0
DA:11,0
DA:14,0
DA:15,0
DA:16,0
DA:17,0
DA:19,0
DA:34,0
DA:35,0
DA:36,0
DA:41,0
DA:50,0
DA:51,0
DA:52,0
DA:53,0
DA:54,0
DA:56,0
DA:58,0
DA:59,0
DA:60,0
DA:61,0
DA:63,0
DA:65,0
DA:66,0
DA:67,0
DA:68,0
DA:73,0
DA:74,0
DA:75,0
DA:77,0
DA:78,0
DA:80,0
DA:81,0
DA:91,0
DA:92,0
DA:93,0
DA:94,0
DA:95,0
DA:97,0
DA:98,0
DA:100,0
DA:103,0
DA:104,0
DA:105,0
DA:106,0
DA:109,0
DA:114,0
DA:115,0
DA:117,0
DA:118,0
DA:126,0
DA:127,0
DA:128,0
DA:129,0
DA:130,0
DA:132,0
DA:133,0
DA:135,0
DA:137,0
DA:142,0
DA:144,0
DA:145,0
DA:147,0
DA:148,0
DA:149,0
DA:150,0
DA:160,0
DA:161,0
DA:162,0
DA:163,0
DA:164,0
DA:166,0
DA:167,0
DA:172,0
DA:174,0
DA:176,0
DA:177,0
DA:178,0
DA:179,0
DA:181,0
DA:183,0
DA:184,0
DA:199,0
DA:201,0
DA:202,0
DA:203,0
DA:204,0
DA:205,0
DA:208,0
DA:209,0
DA:211,0
DA:219,0
DA:220,0
DA:222,0
DA:226,0
DA:227,0
DA:228,0
DA:230,0
DA:234,0
DA:235,0
DA:236,0
DA:238,0
DA:242,0
DA:245,0
DA:246,0
DA:247,0
DA:248,0
DA:249,0
DA:250,0
DA:251,0
DA:252,0
DA:253,0
DA:254,0
DA:256,0
DA:258,0
DA:259,0
DA:260,0
DA:261,0
DA:262,0
DA:263,0
DA:264,0
DA:265,0
DA:267,0
DA:270,0
DA:272,0
DA:278,0
DA:279,0
DA:281,0
DA:282,0
DA:285,0
DA:292,0
DA:293,0
DA:297,0
DA:298,0
DA:302,0
DA:303,0
DA:307,0
DA:308,0
DA:312,0
DA:313,0
DA:317,0
DA:318,0
DA:319,0
DA:320,0
DA:321,0
DA:322,0
DA:323,0
DA:324,0
DA:325,0
DA:326,0
DA:327,0
DA:328,0
DA:329,0
DA:330,0
DA:331,0
DA:332,0
DA:333,0
DA:334,0
DA:335,0
DA:336,0
DA:337,0
DA:338,0
DA:339,0
DA:343,0
DA:344,0
DA:345,0
DA:348,0
DA:349,0
DA:350,0
DA:351,0
DA:356,0
DA:357,0
DA:362,0
LF:173
LH:0
BRDA:34,0,0,0
BRDA:34,0,1,0
BRDA:58,1,0,0
BRDA:58,1,1,0
BRDA:65,2,0,0
BRDA:65,2,1,0
BRDA:103,3,0,0
BRDA:103,3,1,0
BRDA:193,4,0,0
BRDA:195,5,0,0
BRDA:196,6,0,0
BRDA:197,7,0,0
BRDA:198,8,0,0
BRDA:219,9,0,0
BRDA:219,9,1,0
BRDA:226,10,0,0
BRDA:226,10,1,0
BRDA:234,11,0,0
BRDA:234,11,1,0
BRDA:250,12,0,0
BRDA:250,12,1,0
BRDA:251,13,0,0
BRDA:251,13,1,0
BRDA:252,14,0,0
BRDA:252,14,1,0
BRDA:253,15,0,0
BRDA:253,15,1,0
BRDA:258,16,0,0
BRDA:258,16,1,0
BRDA:279,17,0,0
BRDA:279,17,1,0
BRDA:282,18,0,0
BRDA:282,18,1,0
BRDA:282,18,2,0
BRDA:282,18,3,0
BRDA:282,18,4,0
BRDA:282,18,5,0
BRDA:282,18,6,0
BRDA:356,19,0,0
BRDA:356,19,1,0
BRF:40
BRH:0
end_of_record
TN:
SF:services\scrapers\source-aggregator.js
FN:22,generateDeckFingerprint
FN:29,(anonymous_1)
FN:33,(anonymous_2)
FN:34,(anonymous_3)
FN:40,(anonymous_4)
FN:57,areDecksSimilar
FN:95,normalizeDeck
FN:134,normalizeInkdecksDeck
FN:141,normalizeMeleeDeck
FN:148,normalizeDreambornDeck
FN:159,deduplicateDecks
FN:204,mergeDuplicates
FN:229,(anonymous_12)
FN:236,(anonymous_13)
FN:242,(anonymous_14)
FN:261,aggregateSources
FN:336,loadSources
FN:364,saveAggregated
FN:381,main
FNF:19
FNH:0
FNDA:0,generateDeckFingerprint
FNDA:0,(anonymous_1)
FNDA:0,(anonymous_2)
FNDA:0,(anonymous_3)
FNDA:0,(anonymous_4)
FNDA:0,areDecksSimilar
FNDA:0,normalizeDeck
FNDA:0,normalizeInkdecksDeck
FNDA:0,normalizeMeleeDeck
FNDA:0,normalizeDreambornDeck
FNDA:0,deduplicateDecks
FNDA:0,mergeDuplicates
FNDA:0,(anonymous_12)
FNDA:0,(anonymous_13)
FNDA:0,(anonymous_14)
FNDA:0,aggregateSources
FNDA:0,loadSources
FNDA:0,saveAggregated
FNDA:0,main
DA:11,0
DA:12,0
DA:13,0
DA:23,0
DA:24,0
DA:28,0
DA:29,0
DA:33,0
DA:34,0
DA:36,0
DA:39,0
DA:40,0
DA:44,0
DA:58,0
DA:59,0
DA:61,0
DA:62,0
DA:63,0
DA:66,0
DA:67,0
DA:68,0
DA:72,0
DA:73,0
DA:74,0
DA:76,0
DA:77,0
DA:78,0
DA:79,0
DA:80,0
DA:83,0
DA:84,0
DA:96,0
DA:126,0
DA:128,0
DA:135,0
DA:142,0
DA:149,0
DA:160,0
DA:162,0
DA:163,0
DA:164,0
DA:166,0
DA:167,0
DA:168,0
DA:169,0
DA:172,0
DA:174,0
DA:175,0
DA:182,0
DA:183,0
DA:187,0
DA:188,0
DA:190,0
DA:205,0
DA:207,0
DA:210,0
DA:211,0
DA:213,0
DA:214,0
DA:216,0
DA:219,0
DA:222,0
DA:223,0
DA:224,0
DA:225,0
DA:229,0
DA:230,0
DA:231,0
DA:232,0
DA:235,0
DA:236,0
DA:238,0
DA:242,0
DA:250,0
DA:251,0
DA:262,0
DA:264,0
DA:265,0
DA:271,0
DA:272,0
DA:273,0
DA:277,0
DA:278,0
DA:280,0
DA:283,0
DA:284,0
DA:285,0
DA:289,0
DA:290,0
DA:292,0
DA:295,0
DA:296,0
DA:297,0
DA:301,0
DA:302,0
DA:304,0
DA:307,0
DA:308,0
DA:311,0
DA:314,0
DA:316,0
DA:337,0
DA:339,0
DA:341,0
DA:342,0
DA:343,0
DA:344,0
DA:347,0
DA:348,0
DA:349,0
DA:350,0
DA:352,0
DA:356,0
DA:365,0
DA:366,0
DA:367,0
DA:370,0
DA:371,0
DA:374,0
DA:375,0
DA:376,0
DA:382,0
DA:383,0
DA:385,0
DA:386,0
DA:388,0
DA:394,0
DA:396,0
DA:397,0
DA:399,0
DA:400,0
DA:401,0
DA:402,0
DA:403,0
DA:407,0
DA:408,0
DA:409,0
DA:412,0
DA:413,0
DA:414,0
DA:419,0
DA:420,0
DA:425,0
LF:143
LH:0
BRDA:23,0,0,0
BRDA:23,0,1,0
BRDA:23,1,0,0
BRDA:23,1,1,0
BRDA:30,2,0,0
BRDA:30,2,1,0
BRDA:31,3,0,0
BRDA:31,3,1,0
BRDA:33,4,0,0
BRDA:33,4,1,0
BRDA:36,5,0,0
BRDA:36,5,1,0
BRDA:57,6,0,0
BRDA:62,7,0,0
BRDA:62,7,1,0
BRDA:63,8,0,0
BRDA:63,8,1,0
BRDA:67,9,0,0
BRDA:67,9,1,0
BRDA:68,10,0,0
BRDA:68,10,1,0
BRDA:77,11,0,0
BRDA:77,11,1,0
BRDA:78,12,0,0
BRDA:78,12,1,0
BRDA:83,13,0,0
BRDA:83,13,1,0
BRDA:98,14,0,0
BRDA:98,14,1,0
BRDA:98,14,2,0
BRDA:99,15,0,0
BRDA:99,15,1,0
BRDA:99,15,2,0
BRDA:100,16,0,0
BRDA:100,16,1,0
BRDA:100,16,2,0
BRDA:100,16,3,0
BRDA:103,17,0,0
BRDA:103,17,1,0
BRDA:103,17,2,0
BRDA:107,18,0,0
BRDA:107,18,1,0
BRDA:107,18,2,0
BRDA:108,19,0,0
BRDA:108,19,1,0
BRDA:108,19,2,0
BRDA:109,20,0,0
BRDA:109,20,1,0
BRDA:109,20,2,0
BRDA:110,21,0,0
BRDA:110,21,1,0
BRDA:114,22,0,0
BRDA:114,22,1,0
BRDA:115,23,0,0
BRDA:115,23,1,0
BRDA:116,24,0,0
BRDA:116,24,1,0
BRDA:120,25,0,0
BRDA:120,25,1,0
BRDA:120,25,2,0
BRDA:122,26,0,0
BRDA:122,26,1,0
BRDA:122,26,2,0
BRDA:167,27,0,0
BRDA:167,27,1,0
BRDA:172,28,0,0
BRDA:172,28,1,0
BRDA:211,29,0,0
BRDA:211,29,1,0
BRDA:213,30,0,0
BRDA:213,30,1,0
BRDA:223,31,0,0
BRDA:223,31,1,0
BRDA:230,32,0,0
BRDA:230,32,1,0
BRDA:231,33,0,0
BRDA:231,33,1,0
BRDA:271,34,0,0
BRDA:271,34,1,0
BRDA:273,35,0,0
BRDA:273,35,1,0
BRDA:275,36,0,0
BRDA:275,36,1,0
BRDA:283,37,0,0
BRDA:283,37,1,0
BRDA:285,38,0,0
BRDA:285,38,1,0
BRDA:287,39,0,0
BRDA:287,39,1,0
BRDA:295,40,0,0
BRDA:295,40,1,0
BRDA:297,41,0,0
BRDA:297,41,1,0
BRDA:342,42,0,0
BRDA:342,42,1,0
BRDA:342,43,0,0
BRDA:342,43,1,0
BRDA:366,44,0,0
BRDA:366,44,1,0
BRDA:383,45,0,0
BRDA:383,45,1,0
BRDA:386,46,0,0
BRDA:386,46,1,0
BRDA:389,47,0,0
BRDA:389,47,1,0
BRDA:390,48,0,0
BRDA:390,48,1,0
BRDA:391,49,0,0
BRDA:391,49,1,0
BRDA:396,50,0,0
BRDA:396,50,1,0
BRDA:419,51,0,0
BRDA:419,51,1,0
BRF:113
BRH:0
end_of_record
TN:
SF:services\scrapers\test-html-parse.js
FN:78,parseCards
FNF:1
FNH:0
FNDA:0,parseCards
DA:8,0
DA:11,0
DA:79,0
DA:81,0
DA:84,0
DA:85,0
DA:86,0
DA:87,0
DA:90,0
DA:91,0
DA:92,0
DA:93,0
DA:97,0
DA:100,0
DA:101,0
DA:102,0
DA:103,0
DA:104,0
DA:107,0
DA:108,0
DA:109,0
DA:114,0
DA:116,0
DA:117,0
DA:118,0
DA:119,0
DA:120,0
DA:121,0
DA:123,0
DA:124,0
DA:125,0
DA:132,0
DA:134,0
DA:144,0
DA:148,0
DA:149,0
DA:151,0
DA:152,0
DA:154,0
DA:157,0
DA:163,0
DA:164,0
DA:165,0
DA:166,0
DA:168,0
DA:169,0
DA:170,0
DA:171,0
DA:172,0
DA:176,0
DA:177,0
DA:179,0
DA:180,0
LF:53
LH:0
BRDA:92,0,0,0
BRDA:92,0,1,0
BRDA:101,1,0,0
BRDA:101,1,1,0
BRDA:108,2,0,0
BRDA:108,2,1,0
BRDA:117,3,0,0
BRDA:117,3,1,0
BRDA:120,4,0,0
BRDA:120,4,1,0
BRDA:123,5,0,0
BRDA:123,5,1,0
BRDA:123,6,0,0
BRDA:123,6,1,0
BRDA:168,7,0,0
BRDA:168,7,1,0
BRDA:176,8,0,0
BRDA:176,8,1,0
BRF:18
BRH:0
end_of_record
TN:
SF:services\tournaments\metaAnalyzer.js
FN:15,loadTournamentData
FN:34,getTimeWindows
FN:79,inferArchetype
FN:92,(anonymous_3)
FN:144,analyzeArchetypes
FN:183,(anonymous_5)
FN:186,(anonymous_6)
FN:191,countArchetypes
FN:219,(anonymous_8)
FN:221,(anonymous_9)
FN:231,standingToNumber
FN:244,analyzeCardPopularity
FN:279,(anonymous_12)
FN:282,(anonymous_13)
FN:287,countCards
FN:318,analyzeMetaHealth
FN:329,(anonymous_16)
FN:357,analyzeMetaState
FNF:18
FNH:0
FNDA:0,loadTournamentData
FNDA:0,getTimeWindows
FNDA:0,inferArchetype
FNDA:0,(anonymous_3)
FNDA:0,analyzeArchetypes
FNDA:0,(anonymous_5)
FNDA:0,(anonymous_6)
FNDA:0,countArchetypes
FNDA:0,(anonymous_8)
FNDA:0,(anonymous_9)
FNDA:0,standingToNumber
FNDA:0,analyzeCardPopularity
FNDA:0,(anonymous_12)
FNDA:0,(anonymous_13)
FNDA:0,countCards
FNDA:0,analyzeMetaHealth
FNDA:0,(anonymous_16)
FNDA:0,analyzeMetaState
DA:8,6
DA:9,6
DA:11,6
DA:16,0
DA:17,0
DA:19,0
DA:20,0
DA:22,0
DA:23,0
DA:25,0
DA:27,0
DA:28,0
DA:35,0
DA:37,0
DA:38,0
DA:39,0
DA:41,0
DA:43,0
DA:44,0
DA:46,0
DA:47,0
DA:49,0
DA:50,0
DA:51,0
DA:52,0
DA:54,0
DA:55,0
DA:59,0
DA:62,0
DA:63,0
DA:70,0
DA:81,0
DA:82,0
DA:86,0
DA:87,0
DA:91,0
DA:92,0
DA:93,0
DA:96,0
DA:97,0
DA:98,0
DA:99,0
DA:104,0
DA:105,0
DA:107,0
DA:108,0
DA:111,0
DA:112,0
DA:114,0
DA:115,0
DA:117,0
DA:118,0
DA:120,0
DA:121,0
DA:123,0
DA:124,0
DA:126,0
DA:127,0
DA:131,0
DA:132,0
DA:133,0
DA:134,0
DA:135,0
DA:139,0
DA:145,0
DA:147,0
DA:149,0
DA:150,0
DA:152,0
DA:154,0
DA:155,0
DA:158,0
DA:159,0
DA:161,0
DA:163,0
DA:164,0
DA:166,0
DA:168,0
DA:183,0
DA:185,0
DA:186,0
DA:188,0
DA:192,0
DA:194,0
DA:195,0
DA:197,0
DA:199,0
DA:200,0
DA:206,0
DA:208,0
DA:209,0
DA:210,0
DA:215,0
DA:216,0
DA:218,0
DA:219,0
DA:220,0
DA:221,0
DA:223,0
DA:224,0
DA:228,0
DA:232,0
DA:233,0
DA:234,0
DA:235,0
DA:236,0
DA:237,0
DA:238,0
DA:239,0
DA:245,0
DA:247,0
DA:249,0
DA:250,0
DA:252,0
DA:254,0
DA:255,0
DA:257,0
DA:258,0
DA:260,0
DA:261,0
DA:263,0
DA:265,0
DA:279,0
DA:281,0
DA:282,0
DA:284,0
DA:288,0
DA:290,0
DA:291,0
DA:293,0
DA:294,0
DA:295,0
DA:297,0
DA:298,0
DA:304,0
DA:305,0
DA:309,0
DA:310,0
DA:313,0
DA:319,0
DA:320,0
DA:328,0
DA:329,0
DA:331,0
DA:332,0
DA:333,0
DA:334,0
DA:335,0
DA:339,0
DA:340,0
DA:342,0
DA:343,0
DA:344,0
DA:345,0
DA:347,0
DA:358,0
DA:360,0
DA:361,0
DA:363,0
DA:364,0
DA:370,0
DA:371,0
DA:373,0
DA:374,0
DA:376,0
DA:377,0
DA:380,0
DA:381,0
DA:383,0
DA:384,0
DA:386,0
DA:387,0
DA:389,0
DA:390,0
DA:391,0
DA:392,0
DA:394,0
DA:396,0
DA:416,6
DA:417,0
DA:419,0
DA:420,0
DA:421,0
DA:424,0
DA:425,0
DA:426,0
DA:429,0
DA:430,0
DA:431,0
DA:432,0
DA:433,0
DA:434,0
DA:436,0
DA:437,0
DA:439,0
DA:440,0
DA:441,0
DA:442,0
DA:443,0
DA:444,0
DA:445,0
DA:449,0
DA:450,0
DA:451,0
DA:452,0
DA:453,0
DA:454,0
DA:457,0
DA:460,6
LF:209
LH:5
BRDA:17,0,0,0
BRDA:17,0,1,0
BRDA:20,1,0,0
BRDA:20,1,1,0
BRDA:20,2,0,0
BRDA:20,2,1,0
BRDA:22,3,0,0
BRDA:22,3,1,0
BRDA:44,4,0,0
BRDA:44,4,1,0
BRDA:44,4,2,0
BRDA:46,5,0,0
BRDA:46,5,1,0
BRDA:49,6,0,0
BRDA:49,6,1,0
BRDA:54,7,0,0
BRDA:54,7,1,0
BRDA:55,8,0,0
BRDA:55,8,1,0
BRDA:62,9,0,0
BRDA:62,9,1,0
BRDA:62,10,0,0
BRDA:62,10,1,0
BRDA:81,11,0,0
BRDA:81,11,1,0
BRDA:81,12,0,0
BRDA:81,12,1,0
BRDA:86,13,0,0
BRDA:86,13,1,0
BRDA:86,14,0,0
BRDA:86,14,1,0
BRDA:91,15,0,0
BRDA:91,15,1,0
BRDA:91,16,0,0
BRDA:91,16,1,0
BRDA:93,17,0,0
BRDA:93,17,1,0
BRDA:93,17,2,0
BRDA:96,18,0,0
BRDA:96,18,1,0
BRDA:98,19,0,0
BRDA:98,19,1,0
BRDA:104,20,0,0
BRDA:104,20,1,0
BRDA:104,21,0,0
BRDA:104,21,1,0
BRDA:108,22,0,0
BRDA:108,22,1,0
BRDA:111,23,0,0
BRDA:111,23,1,0
BRDA:111,24,0,0
BRDA:111,24,1,0
BRDA:114,25,0,0
BRDA:114,25,1,0
BRDA:114,26,0,0
BRDA:114,26,1,0
BRDA:117,27,0,0
BRDA:117,27,1,0
BRDA:117,28,0,0
BRDA:117,28,1,0
BRDA:120,29,0,0
BRDA:120,29,1,0
BRDA:120,30,0,0
BRDA:120,30,1,0
BRDA:123,31,0,0
BRDA:123,31,1,0
BRDA:123,32,0,0
BRDA:123,32,1,0
BRDA:126,33,0,0
BRDA:126,33,1,0
BRDA:126,34,0,0
BRDA:126,34,1,0
BRDA:132,35,0,0
BRDA:132,35,1,0
BRDA:134,36,0,0
BRDA:134,36,1,0
BRDA:154,37,0,0
BRDA:154,37,1,0
BRDA:155,38,0,0
BRDA:155,38,1,0
BRDA:155,39,0,0
BRDA:155,39,1,0
BRDA:159,40,0,0
BRDA:159,40,1,0
BRDA:161,41,0,0
BRDA:161,41,1,0
BRDA:166,42,0,0
BRDA:166,42,1,0
BRDA:175,43,0,0
BRDA:175,43,1,0
BRDA:176,44,0,0
BRDA:176,44,1,0
BRDA:176,45,0,0
BRDA:176,45,1,0
BRDA:199,46,0,0
BRDA:199,46,1,0
BRDA:208,47,0,0
BRDA:208,47,1,0
BRDA:209,48,0,0
BRDA:209,48,1,0
BRDA:216,49,0,0
BRDA:216,49,1,0
BRDA:218,50,0,0
BRDA:218,50,1,0
BRDA:232,51,0,0
BRDA:232,51,1,0
BRDA:234,52,0,0
BRDA:234,52,1,0
BRDA:235,53,0,0
BRDA:235,53,1,0
BRDA:236,54,0,0
BRDA:236,54,1,0
BRDA:237,55,0,0
BRDA:237,55,1,0
BRDA:238,56,0,0
BRDA:238,56,1,0
BRDA:244,57,0,0
BRDA:254,58,0,0
BRDA:254,58,1,0
BRDA:255,59,0,0
BRDA:255,59,1,0
BRDA:255,60,0,0
BRDA:255,60,1,0
BRDA:261,61,0,0
BRDA:261,61,1,0
BRDA:263,62,0,0
BRDA:263,62,1,0
BRDA:270,63,0,0
BRDA:270,63,1,0
BRDA:273,64,0,0
BRDA:273,64,1,0
BRDA:274,65,0,0
BRDA:274,65,1,0
BRDA:274,66,0,0
BRDA:274,66,1,0
BRDA:291,67,0,0
BRDA:291,67,1,0
BRDA:294,68,0,0
BRDA:294,68,1,0
BRDA:295,69,0,0
BRDA:295,69,1,0
BRDA:297,70,0,0
BRDA:297,70,1,0
BRDA:305,71,0,0
BRDA:305,71,1,0
BRDA:319,72,0,0
BRDA:319,72,1,0
BRDA:328,73,0,0
BRDA:328,73,1,0
BRDA:333,74,0,0
BRDA:333,74,1,0
BRDA:339,75,0,0
BRDA:339,75,1,0
BRDA:340,76,0,0
BRDA:340,76,1,0
BRDA:343,77,0,0
BRDA:343,77,1,0
BRDA:344,78,0,0
BRDA:344,78,1,0
BRDA:345,79,0,0
BRDA:345,79,1,0
BRDA:363,80,0,0
BRDA:363,80,1,0
BRDA:373,81,0,0
BRDA:373,81,1,0
BRDA:394,82,0,0
BRDA:394,82,1,0
BRDA:394,82,2,0
BRDA:398,83,0,0
BRDA:398,83,1,0
BRDA:416,84,0,0
BRDA:416,84,1,6
BRDA:419,85,0,0
BRDA:419,85,1,0
BRDA:424,86,0,0
BRDA:424,86,1,0
BRDA:433,87,0,0
BRDA:433,87,1,0
BRDA:442,88,0,0
BRDA:442,88,1,0
BRDA:442,89,0,0
BRDA:442,89,1,0
BRDA:444,90,0,0
BRDA:444,90,1,0
BRDA:453,91,0,0
BRDA:453,91,1,0
BRDA:453,92,0,0
BRDA:453,92,1,0
BRF:188
BRH:1
end_of_record
TN:
SF:services\tournaments\tournamentAggregator.js
FN:24,decklistFingerprint
FN:28,(anonymous_1)
FN:32,(anonymous_2)
FN:33,(anonymous_3)
FN:35,(anonymous_4)
FN:39,eventFingerprint
FN:46,loadLocalData
FN:65,saveToDb
FN:84,deduplicateDecks
FN:109,sortByDate
FN:110,(anonymous_10)
FN:119,fetchExternalSources
FN:136,aggregateTournaments
FN:188,logSources
FN:218,(anonymous_14)
FN:219,(anonymous_15)
FNF:16
FNH:0
FNDA:0,decklistFingerprint
FNDA:0,(anonymous_1)
FNDA:0,(anonymous_2)
FNDA:0,(anonymous_3)
FNDA:0,(anonymous_4)
FNDA:0,eventFingerprint
FNDA:0,loadLocalData
FNDA:0,saveToDb
FNDA:0,deduplicateDecks
FNDA:0,sortByDate
FNDA:0,(anonymous_10)
FNDA:0,fetchExternalSources
FNDA:0,aggregateTournaments
FNDA:0,logSources
FNDA:0,(anonymous_14)
FNDA:0,(anonymous_15)
DA:9,0
DA:10,0
DA:11,0
DA:13,0
DA:14,0
DA:20,0
DA:25,0
DA:27,0
DA:28,0
DA:32,0
DA:33,0
DA:35,0
DA:36,0
DA:40,0
DA:41,0
DA:47,0
DA:48,0
DA:49,0
DA:50,0
DA:53,0
DA:54,0
DA:56,0
DA:57,0
DA:60,0
DA:61,0
DA:66,0
DA:67,0
DA:68,0
DA:71,0
DA:78,0
DA:79,0
DA:85,0
DA:87,0
DA:89,0
DA:92,0
DA:93,0
DA:97,0
DA:98,0
DA:101,0
DA:102,0
DA:106,0
DA:110,0
DA:111,0
DA:112,0
DA:113,0
DA:120,0
DA:121,0
DA:122,0
DA:125,0
DA:126,0
DA:131,0
DA:137,0
DA:138,0
DA:140,0
DA:143,0
DA:146,0
DA:149,0
DA:152,0
DA:155,0
DA:158,0
DA:159,0
DA:161,0
DA:164,0
DA:172,0
DA:174,0
DA:175,0
DA:176,0
DA:177,0
DA:178,0
DA:180,0
DA:181,0
DA:182,0
DA:185,0
DA:189,0
DA:191,0
DA:192,0
DA:193,0
DA:197,0
DA:202,0
DA:203,0
DA:206,0
DA:207,0
DA:208,0
DA:211,0
DA:216,0
DA:217,0
DA:218,0
DA:220,0
DA:221,0
DA:225,0
LF:90
LH:0
BRDA:25,0,0,0
BRDA:25,0,1,0
BRDA:25,1,0,0
BRDA:25,1,1,0
BRDA:29,2,0,0
BRDA:29,2,1,0
BRDA:30,3,0,0
BRDA:30,3,1,0
BRDA:48,4,0,0
BRDA:48,4,1,0
BRDA:54,5,0,0
BRDA:54,5,1,0
BRDA:54,6,0,0
BRDA:54,6,1,0
BRDA:67,7,0,0
BRDA:67,7,1,0
BRDA:92,8,0,0
BRDA:92,8,1,0
BRDA:92,9,0,0
BRDA:92,9,1,0
BRDA:97,10,0,0
BRDA:97,10,1,0
BRDA:98,11,0,0
BRDA:98,11,1,0
BRDA:98,12,0,0
BRDA:98,12,1,0
BRDA:98,13,0,0
BRDA:98,13,1,0
BRDA:101,14,0,0
BRDA:101,14,1,0
BRDA:111,15,0,0
BRDA:111,15,1,0
BRDA:111,16,0,0
BRDA:111,16,1,0
BRDA:112,17,0,0
BRDA:112,17,1,0
BRDA:112,18,0,0
BRDA:112,18,1,0
BRDA:120,19,0,0
BRDA:120,19,1,0
BRDA:136,20,0,0
BRDA:158,21,0,0
BRDA:158,21,1,0
BRDA:180,22,0,0
BRDA:180,22,1,0
BRDA:192,23,0,0
BRDA:192,23,1,0
BRDA:202,24,0,0
BRDA:202,24,1,0
BRDA:207,25,0,0
BRDA:207,25,1,0
BRDA:216,26,0,0
BRDA:216,26,1,0
BRF:53
BRH:0
end_of_record
